2025-02-01T15:37:39.176+09:00  INFO 7688 --- [be] [restartedMain] com.be.BeApplication                     : Starting BeApplication using Java 17.0.12 with PID 7688 (C:\SSAFY\S12P11E104\be\build\classes\java\main started by 95ker in C:\SSAFY\S12P11E104\be)
2025-02-01T15:37:39.183+09:00  INFO 7688 --- [be] [restartedMain] com.be.BeApplication                     : No active profile set, falling back to 1 default profile: "default"
2025-02-01T15:37:39.241+09:00  INFO 7688 --- [be] [restartedMain] .e.DevToolsPropertyDefaultsPostProcessor : Devtools property defaults active! Set 'spring.devtools.add-properties' to 'false' to disable
2025-02-01T15:37:39.241+09:00  INFO 7688 --- [be] [restartedMain] .e.DevToolsPropertyDefaultsPostProcessor : For additional web related logging consider setting the 'logging.level.web' property to 'DEBUG'
2025-02-01T15:37:40.282+09:00  INFO 7688 --- [be] [restartedMain] .s.d.r.c.RepositoryConfigurationDelegate : Bootstrapping Spring Data JPA repositories in DEFAULT mode.
2025-02-01T15:37:40.521+09:00  INFO 7688 --- [be] [restartedMain] .s.d.r.c.RepositoryConfigurationDelegate : Finished Spring Data repository scanning in 229 ms. Found 5 JPA repository interfaces.
2025-02-01T15:37:41.205+09:00  INFO 7688 --- [be] [restartedMain] o.s.b.w.embedded.tomcat.TomcatWebServer  : Tomcat initialized with port 8080 (http)
2025-02-01T15:37:41.222+09:00  INFO 7688 --- [be] [restartedMain] o.apache.catalina.core.StandardService   : Starting service [Tomcat]
2025-02-01T15:37:41.222+09:00  INFO 7688 --- [be] [restartedMain] o.apache.catalina.core.StandardEngine    : Starting Servlet engine: [Apache Tomcat/10.1.34]
2025-02-01T15:37:41.292+09:00  INFO 7688 --- [be] [restartedMain] o.a.c.c.C.[.[localhost].[/maraeba]       : Initializing Spring embedded WebApplicationContext
2025-02-01T15:37:41.293+09:00  INFO 7688 --- [be] [restartedMain] w.s.c.ServletWebServerApplicationContext : Root WebApplicationContext: initialization completed in 2051 ms
2025-02-01T15:37:41.487+09:00  INFO 7688 --- [be] [restartedMain] o.hibernate.jpa.internal.util.LogHelper  : HHH000204: Processing PersistenceUnitInfo [name: default]
2025-02-01T15:37:41.586+09:00  INFO 7688 --- [be] [restartedMain] org.hibernate.Version                    : HHH000412: Hibernate ORM core version 6.6.5.Final
2025-02-01T15:37:41.633+09:00  INFO 7688 --- [be] [restartedMain] o.h.c.internal.RegionFactoryInitiator    : HHH000026: Second-level cache disabled
2025-02-01T15:37:42.023+09:00  INFO 7688 --- [be] [restartedMain] o.s.o.j.p.SpringPersistenceUnitInfo      : No LoadTimeWeaver setup: ignoring JPA class transformer
2025-02-01T15:37:42.074+09:00  INFO 7688 --- [be] [restartedMain] com.zaxxer.hikari.HikariDataSource       : HikariPool-1 - Starting...
2025-02-01T15:37:42.318+09:00  INFO 7688 --- [be] [restartedMain] com.zaxxer.hikari.pool.HikariPool        : HikariPool-1 - Added connection com.mysql.cj.jdbc.ConnectionImpl@5aa7c371
2025-02-01T15:37:42.320+09:00  INFO 7688 --- [be] [restartedMain] com.zaxxer.hikari.HikariDataSource       : HikariPool-1 - Start completed.
2025-02-01T15:37:42.410+09:00  WARN 7688 --- [be] [restartedMain] org.hibernate.orm.deprecation            : HHH90000025: MySQL8Dialect does not need to be specified explicitly using 'hibernate.dialect' (remove the property setting and it will be selected by default)
2025-02-01T15:37:42.413+09:00  WARN 7688 --- [be] [restartedMain] org.hibernate.orm.deprecation            : HHH90000026: MySQL8Dialect has been deprecated; use org.hibernate.dialect.MySQLDialect instead
2025-02-01T15:37:42.439+09:00  INFO 7688 --- [be] [restartedMain] org.hibernate.orm.connections.pooling    : HHH10001005: Database info:
	Database JDBC URL [Connecting through datasource 'HikariDataSource (HikariPool-1)']
	Database driver: undefined/unknown
	Database version: 8.0
	Autocommit mode: undefined/unknown
	Isolation level: undefined/unknown
	Minimum pool size: undefined/unknown
	Maximum pool size: undefined/unknown
2025-02-01T15:37:43.656+09:00  INFO 7688 --- [be] [restartedMain] o.h.e.t.j.p.i.JtaPlatformInitiator       : HHH000489: No JTA platform available (set 'hibernate.transaction.jta.platform' to enable JTA platform integration)
2025-02-01T15:37:43.769+09:00  INFO 7688 --- [be] [restartedMain] j.LocalContainerEntityManagerFactoryBean : Initialized JPA EntityManagerFactory for persistence unit 'default'
2025-02-01T15:37:44.198+09:00  INFO 7688 --- [be] [restartedMain] o.s.d.j.r.query.QueryEnhancerFactory     : Hibernate is in classpath; If applicable, HQL parser will be used.
2025-02-01T15:37:45.300+09:00  WARN 7688 --- [be] [restartedMain] JpaBaseConfiguration$JpaWebConfiguration : spring.jpa.open-in-view is enabled by default. Therefore, database queries may be performed during view rendering. Explicitly configure spring.jpa.open-in-view to disable this warning
2025-02-01T15:37:45.478+09:00 DEBUG 7688 --- [be] [restartedMain] s.w.s.m.m.a.RequestMappingHandlerMapping : 7 mappings in 'requestMappingHandlerMapping'
2025-02-01T15:37:45.550+09:00 DEBUG 7688 --- [be] [restartedMain] o.s.w.s.c.annotation.WebMvcConfigurer    : Default resource handling disabled
2025-02-01T15:37:45.582+09:00 DEBUG 7688 --- [be] [restartedMain] o.s.s.web.DefaultSecurityFilterChain     : Will secure any request with filters: DisableEncodeUrlFilter, WebAsyncManagerIntegrationFilter, SecurityContextHolderFilter, HeaderWriterFilter, LogoutFilter, RequestCacheAwareFilter, SecurityContextHolderAwareRequestFilter, AnonymousAuthenticationFilter, ExceptionTranslationFilter, AuthorizationFilter
2025-02-01T15:37:45.679+09:00 DEBUG 7688 --- [be] [restartedMain] s.w.s.m.m.a.RequestMappingHandlerAdapter : ControllerAdvice beans: 0 @ModelAttribute, 0 @InitBinder, 1 RequestBodyAdvice, 1 ResponseBodyAdvice
2025-02-01T15:37:45.743+09:00 DEBUG 7688 --- [be] [restartedMain] .m.m.a.ExceptionHandlerExceptionResolver : ControllerAdvice beans: 0 @ExceptionHandler, 1 ResponseBodyAdvice
2025-02-01T15:37:45.905+09:00  INFO 7688 --- [be] [restartedMain] o.s.b.d.a.OptionalLiveReloadServer       : LiveReload server is running on port 35729
2025-02-01T15:37:46.022+09:00  INFO 7688 --- [be] [restartedMain] o.s.b.w.embedded.tomcat.TomcatWebServer  : Tomcat started on port 8080 (http) with context path '/maraeba'
2025-02-01T15:37:46.029+09:00  INFO 7688 --- [be] [restartedMain] com.be.BeApplication                     : Started BeApplication in 7.655 seconds (process running for 9.618)
2025-02-01T15:38:25.360+09:00  INFO 7688 --- [be] [SpringApplicationShutdownHook] o.s.b.w.e.tomcat.GracefulShutdown        : Commencing graceful shutdown. Waiting for active requests to complete
2025-02-01T15:38:25.442+09:00  INFO 7688 --- [be] [tomcat-shutdown] o.s.b.w.e.tomcat.GracefulShutdown        : Graceful shutdown complete
2025-02-01T15:38:25.489+09:00  INFO 7688 --- [be] [SpringApplicationShutdownHook] j.LocalContainerEntityManagerFactoryBean : Closing JPA EntityManagerFactory for persistence unit 'default'
2025-02-01T15:38:25.494+09:00  INFO 7688 --- [be] [SpringApplicationShutdownHook] com.zaxxer.hikari.HikariDataSource       : HikariPool-1 - Shutdown initiated...
2025-02-01T15:38:25.500+09:00  INFO 7688 --- [be] [SpringApplicationShutdownHook] com.zaxxer.hikari.HikariDataSource       : HikariPool-1 - Shutdown completed.
2025-02-01T15:38:30.364+09:00  INFO 18768 --- [be] [restartedMain] com.be.BeApplication                     : Starting BeApplication using Java 17.0.12 with PID 18768 (C:\SSAFY\S12P11E104\be\build\classes\java\main started by 95ker in C:\SSAFY\S12P11E104\be)
2025-02-01T15:38:30.366+09:00  INFO 18768 --- [be] [restartedMain] com.be.BeApplication                     : No active profile set, falling back to 1 default profile: "default"
2025-02-01T15:38:30.412+09:00  INFO 18768 --- [be] [restartedMain] .e.DevToolsPropertyDefaultsPostProcessor : Devtools property defaults active! Set 'spring.devtools.add-properties' to 'false' to disable
2025-02-01T15:38:30.413+09:00  INFO 18768 --- [be] [restartedMain] .e.DevToolsPropertyDefaultsPostProcessor : For additional web related logging consider setting the 'logging.level.web' property to 'DEBUG'
2025-02-01T15:38:31.220+09:00  INFO 18768 --- [be] [restartedMain] .s.d.r.c.RepositoryConfigurationDelegate : Bootstrapping Spring Data JPA repositories in DEFAULT mode.
2025-02-01T15:38:31.401+09:00  INFO 18768 --- [be] [restartedMain] .s.d.r.c.RepositoryConfigurationDelegate : Finished Spring Data repository scanning in 171 ms. Found 5 JPA repository interfaces.
2025-02-01T15:38:32.021+09:00  INFO 18768 --- [be] [restartedMain] o.s.b.w.embedded.tomcat.TomcatWebServer  : Tomcat initialized with port 8081 (http)
2025-02-01T15:38:32.035+09:00  INFO 18768 --- [be] [restartedMain] o.apache.catalina.core.StandardService   : Starting service [Tomcat]
2025-02-01T15:38:32.035+09:00  INFO 18768 --- [be] [restartedMain] o.apache.catalina.core.StandardEngine    : Starting Servlet engine: [Apache Tomcat/10.1.34]
2025-02-01T15:38:32.102+09:00  INFO 18768 --- [be] [restartedMain] o.a.c.c.C.[.[localhost].[/maraeba]       : Initializing Spring embedded WebApplicationContext
2025-02-01T15:38:32.102+09:00  INFO 18768 --- [be] [restartedMain] w.s.c.ServletWebServerApplicationContext : Root WebApplicationContext: initialization completed in 1689 ms
2025-02-01T15:38:32.262+09:00  INFO 18768 --- [be] [restartedMain] o.hibernate.jpa.internal.util.LogHelper  : HHH000204: Processing PersistenceUnitInfo [name: default]
2025-02-01T15:38:32.341+09:00  INFO 18768 --- [be] [restartedMain] org.hibernate.Version                    : HHH000412: Hibernate ORM core version 6.6.5.Final
2025-02-01T15:38:32.376+09:00  INFO 18768 --- [be] [restartedMain] o.h.c.internal.RegionFactoryInitiator    : HHH000026: Second-level cache disabled
2025-02-01T15:38:32.677+09:00  INFO 18768 --- [be] [restartedMain] o.s.o.j.p.SpringPersistenceUnitInfo      : No LoadTimeWeaver setup: ignoring JPA class transformer
2025-02-01T15:38:32.708+09:00  INFO 18768 --- [be] [restartedMain] com.zaxxer.hikari.HikariDataSource       : HikariPool-1 - Starting...
2025-02-01T15:38:32.876+09:00  INFO 18768 --- [be] [restartedMain] com.zaxxer.hikari.pool.HikariPool        : HikariPool-1 - Added connection com.mysql.cj.jdbc.ConnectionImpl@50b1a16c
2025-02-01T15:38:32.880+09:00  INFO 18768 --- [be] [restartedMain] com.zaxxer.hikari.HikariDataSource       : HikariPool-1 - Start completed.
2025-02-01T15:38:32.945+09:00  WARN 18768 --- [be] [restartedMain] org.hibernate.orm.deprecation            : HHH90000025: MySQL8Dialect does not need to be specified explicitly using 'hibernate.dialect' (remove the property setting and it will be selected by default)
2025-02-01T15:38:32.946+09:00  WARN 18768 --- [be] [restartedMain] org.hibernate.orm.deprecation            : HHH90000026: MySQL8Dialect has been deprecated; use org.hibernate.dialect.MySQLDialect instead
2025-02-01T15:38:32.972+09:00  INFO 18768 --- [be] [restartedMain] org.hibernate.orm.connections.pooling    : HHH10001005: Database info:
	Database JDBC URL [Connecting through datasource 'HikariDataSource (HikariPool-1)']
	Database driver: undefined/unknown
	Database version: 8.0
	Autocommit mode: undefined/unknown
	Isolation level: undefined/unknown
	Minimum pool size: undefined/unknown
	Maximum pool size: undefined/unknown
2025-02-01T15:38:33.994+09:00  INFO 18768 --- [be] [restartedMain] o.h.e.t.j.p.i.JtaPlatformInitiator       : HHH000489: No JTA platform available (set 'hibernate.transaction.jta.platform' to enable JTA platform integration)
2025-02-01T15:38:34.077+09:00  INFO 18768 --- [be] [restartedMain] j.LocalContainerEntityManagerFactoryBean : Initialized JPA EntityManagerFactory for persistence unit 'default'
2025-02-01T15:38:34.419+09:00  INFO 18768 --- [be] [restartedMain] o.s.d.j.r.query.QueryEnhancerFactory     : Hibernate is in classpath; If applicable, HQL parser will be used.
2025-02-01T15:38:35.299+09:00  WARN 18768 --- [be] [restartedMain] JpaBaseConfiguration$JpaWebConfiguration : spring.jpa.open-in-view is enabled by default. Therefore, database queries may be performed during view rendering. Explicitly configure spring.jpa.open-in-view to disable this warning
2025-02-01T15:38:35.448+09:00 DEBUG 18768 --- [be] [restartedMain] s.w.s.m.m.a.RequestMappingHandlerMapping : 7 mappings in 'requestMappingHandlerMapping'
2025-02-01T15:38:35.519+09:00 DEBUG 18768 --- [be] [restartedMain] o.s.w.s.c.annotation.WebMvcConfigurer    : Default resource handling disabled
2025-02-01T15:38:35.555+09:00 DEBUG 18768 --- [be] [restartedMain] o.s.s.web.DefaultSecurityFilterChain     : Will secure any request with filters: DisableEncodeUrlFilter, WebAsyncManagerIntegrationFilter, SecurityContextHolderFilter, HeaderWriterFilter, LogoutFilter, RequestCacheAwareFilter, SecurityContextHolderAwareRequestFilter, AnonymousAuthenticationFilter, ExceptionTranslationFilter, AuthorizationFilter
2025-02-01T15:38:35.631+09:00 DEBUG 18768 --- [be] [restartedMain] s.w.s.m.m.a.RequestMappingHandlerAdapter : ControllerAdvice beans: 0 @ModelAttribute, 0 @InitBinder, 1 RequestBodyAdvice, 1 ResponseBodyAdvice
2025-02-01T15:38:35.678+09:00 DEBUG 18768 --- [be] [restartedMain] .m.m.a.ExceptionHandlerExceptionResolver : ControllerAdvice beans: 0 @ExceptionHandler, 1 ResponseBodyAdvice
2025-02-01T15:38:35.841+09:00  INFO 18768 --- [be] [restartedMain] o.s.b.d.a.OptionalLiveReloadServer       : LiveReload server is running on port 35729
2025-02-01T15:38:35.927+09:00  INFO 18768 --- [be] [restartedMain] o.s.b.w.embedded.tomcat.TomcatWebServer  : Tomcat started on port 8081 (http) with context path '/maraeba'
2025-02-01T15:38:35.934+09:00  INFO 18768 --- [be] [restartedMain] com.be.BeApplication                     : Started BeApplication in 6.079 seconds (process running for 7.088)
2025-02-01T15:39:53.344+09:00  INFO 18768 --- [be] [http-nio-8081-exec-1] o.a.c.c.C.[.[localhost].[/maraeba]       : Initializing Spring DispatcherServlet 'dispatcherServlet'
2025-02-01T15:39:53.344+09:00  INFO 18768 --- [be] [http-nio-8081-exec-1] o.s.web.servlet.DispatcherServlet        : Initializing Servlet 'dispatcherServlet'
2025-02-01T15:39:53.344+09:00 DEBUG 18768 --- [be] [http-nio-8081-exec-1] o.s.web.servlet.DispatcherServlet        : Detected StandardServletMultipartResolver
2025-02-01T15:39:53.344+09:00 DEBUG 18768 --- [be] [http-nio-8081-exec-1] o.s.web.servlet.DispatcherServlet        : Detected AcceptHeaderLocaleResolver
2025-02-01T15:39:53.344+09:00 DEBUG 18768 --- [be] [http-nio-8081-exec-1] o.s.web.servlet.DispatcherServlet        : Detected FixedThemeResolver
2025-02-01T15:39:53.346+09:00 DEBUG 18768 --- [be] [http-nio-8081-exec-1] o.s.web.servlet.DispatcherServlet        : Detected org.springframework.web.servlet.view.DefaultRequestToViewNameTranslator@45b1a089
2025-02-01T15:39:53.347+09:00 DEBUG 18768 --- [be] [http-nio-8081-exec-1] o.s.web.servlet.DispatcherServlet        : Detected org.springframework.web.servlet.support.SessionFlashMapManager@33433e4f
2025-02-01T15:39:53.347+09:00 DEBUG 18768 --- [be] [http-nio-8081-exec-1] o.s.web.servlet.DispatcherServlet        : enableLoggingRequestDetails='false': request parameters and headers will be masked to prevent unsafe logging of potentially sensitive data
2025-02-01T15:39:53.347+09:00  INFO 18768 --- [be] [http-nio-8081-exec-1] o.s.web.servlet.DispatcherServlet        : Completed initialization in 3 ms
2025-02-01T15:39:53.366+09:00 DEBUG 18768 --- [be] [http-nio-8081-exec-2] o.s.security.web.FilterChainProxy        : Securing OPTIONS /wgames/find-animal/start-game
2025-02-01T15:39:53.366+09:00 DEBUG 18768 --- [be] [http-nio-8081-exec-1] o.s.security.web.FilterChainProxy        : Securing OPTIONS /wgames/find-animal/start-game
2025-02-01T15:39:53.373+09:00 DEBUG 18768 --- [be] [http-nio-8081-exec-2] o.s.security.web.FilterChainProxy        : Secured OPTIONS /wgames/find-animal/start-game
2025-02-01T15:39:53.373+09:00 DEBUG 18768 --- [be] [http-nio-8081-exec-1] o.s.security.web.FilterChainProxy        : Secured OPTIONS /wgames/find-animal/start-game
2025-02-01T15:39:53.375+09:00 DEBUG 18768 --- [be] [http-nio-8081-exec-2] o.s.web.servlet.DispatcherServlet        : OPTIONS "/maraeba/wgames/find-animal/start-game", parameters={}
2025-02-01T15:39:53.375+09:00 DEBUG 18768 --- [be] [http-nio-8081-exec-1] o.s.web.servlet.DispatcherServlet        : OPTIONS "/maraeba/wgames/find-animal/start-game", parameters={}
2025-02-01T15:39:53.376+09:00 DEBUG 18768 --- [be] [http-nio-8081-exec-1] s.w.s.m.m.a.RequestMappingHandlerMapping : Mapped to com.be.domain.wgames.findAnimals.controller.FindGameController#startGame()
2025-02-01T15:39:53.376+09:00 DEBUG 18768 --- [be] [http-nio-8081-exec-2] s.w.s.m.m.a.RequestMappingHandlerMapping : Mapped to com.be.domain.wgames.findAnimals.controller.FindGameController#startGame()
2025-02-01T15:39:53.393+09:00 DEBUG 18768 --- [be] [http-nio-8081-exec-1] o.s.web.servlet.DispatcherServlet        : Completed 200 OK
2025-02-01T15:39:53.393+09:00 DEBUG 18768 --- [be] [http-nio-8081-exec-2] o.s.web.servlet.DispatcherServlet        : Completed 200 OK
2025-02-01T15:39:53.394+09:00 DEBUG 18768 --- [be] [http-nio-8081-exec-2] o.s.s.w.a.AnonymousAuthenticationFilter  : Set SecurityContextHolder to anonymous SecurityContext
2025-02-01T15:39:53.394+09:00 DEBUG 18768 --- [be] [http-nio-8081-exec-1] o.s.s.w.a.AnonymousAuthenticationFilter  : Set SecurityContextHolder to anonymous SecurityContext
2025-02-01T15:39:53.400+09:00 DEBUG 18768 --- [be] [http-nio-8081-exec-3] o.s.security.web.FilterChainProxy        : Securing POST /wgames/find-animal/start-game
2025-02-01T15:39:53.400+09:00 DEBUG 18768 --- [be] [http-nio-8081-exec-4] o.s.security.web.FilterChainProxy        : Securing POST /wgames/find-animal/start-game
2025-02-01T15:39:53.401+09:00 DEBUG 18768 --- [be] [http-nio-8081-exec-3] o.s.security.web.FilterChainProxy        : Secured POST /wgames/find-animal/start-game
2025-02-01T15:39:53.401+09:00 DEBUG 18768 --- [be] [http-nio-8081-exec-4] o.s.security.web.FilterChainProxy        : Secured POST /wgames/find-animal/start-game
2025-02-01T15:39:53.401+09:00 DEBUG 18768 --- [be] [http-nio-8081-exec-3] o.s.web.servlet.DispatcherServlet        : POST "/maraeba/wgames/find-animal/start-game", parameters={}
2025-02-01T15:39:53.401+09:00 DEBUG 18768 --- [be] [http-nio-8081-exec-4] o.s.web.servlet.DispatcherServlet        : POST "/maraeba/wgames/find-animal/start-game", parameters={}
2025-02-01T15:39:53.401+09:00 DEBUG 18768 --- [be] [http-nio-8081-exec-3] s.w.s.m.m.a.RequestMappingHandlerMapping : Mapped to com.be.domain.wgames.findAnimals.controller.FindGameController#startGame()
2025-02-01T15:39:53.401+09:00 DEBUG 18768 --- [be] [http-nio-8081-exec-4] s.w.s.m.m.a.RequestMappingHandlerMapping : Mapped to com.be.domain.wgames.findAnimals.controller.FindGameController#startGame()
2025-02-01T15:39:53.449+09:00 DEBUG 18768 --- [be] [http-nio-8081-exec-3] o.s.web.servlet.DispatcherServlet        : Failed to complete request: java.nio.file.NoSuchFileException: 4
2025-02-01T15:39:53.449+09:00 DEBUG 18768 --- [be] [http-nio-8081-exec-4] o.s.web.servlet.DispatcherServlet        : Failed to complete request: java.nio.file.NoSuchFileException: 3
2025-02-01T15:39:53.449+09:00 DEBUG 18768 --- [be] [http-nio-8081-exec-3] o.s.s.w.a.AnonymousAuthenticationFilter  : Set SecurityContextHolder to anonymous SecurityContext
2025-02-01T15:39:53.449+09:00 DEBUG 18768 --- [be] [http-nio-8081-exec-4] o.s.s.w.a.AnonymousAuthenticationFilter  : Set SecurityContextHolder to anonymous SecurityContext
2025-02-01T15:39:53.450+09:00 ERROR 18768 --- [be] [http-nio-8081-exec-3] o.a.c.c.C.[.[.[.[dispatcherServlet]      : Servlet.service() for servlet [dispatcherServlet] in context with path [/maraeba] threw exception

java.nio.file.NoSuchFileException: 4
	at java.base/sun.nio.fs.WindowsException.translateToIOException(WindowsException.java:85) ~[na:na]
	at java.base/sun.nio.fs.WindowsException.rethrowAsIOException(WindowsException.java:103) ~[na:na]
	at java.base/sun.nio.fs.WindowsException.rethrowAsIOException(WindowsException.java:108) ~[na:na]
	at java.base/sun.nio.fs.WindowsFileSystemProvider.newByteChannel(WindowsFileSystemProvider.java:236) ~[na:na]
	at java.base/java.nio.file.Files.newByteChannel(Files.java:380) ~[na:na]
	at java.base/java.nio.file.Files.newByteChannel(Files.java:432) ~[na:na]
	at java.base/java.nio.file.Files.readAllBytes(Files.java:3288) ~[na:na]
	at com.be.domain.wgames.findAnimals.service.FindGameServiceImpl.pickAnimal(FindGameServiceImpl.java:45) ~[main/:na]
	at com.be.domain.wgames.findAnimals.controller.FindGameController.startGame(FindGameController.java:25) ~[main/:na]
	at java.base/jdk.internal.reflect.NativeMethodAccessorImpl.invoke0(Native Method) ~[na:na]
	at java.base/jdk.internal.reflect.NativeMethodAccessorImpl.invoke(NativeMethodAccessorImpl.java:77) ~[na:na]
	at java.base/jdk.internal.reflect.DelegatingMethodAccessorImpl.invoke(DelegatingMethodAccessorImpl.java:43) ~[na:na]
	at java.base/java.lang.reflect.Method.invoke(Method.java:568) ~[na:na]
	at org.springframework.web.method.support.InvocableHandlerMethod.doInvoke(InvocableHandlerMethod.java:257) ~[spring-web-6.2.2.jar:6.2.2]
	at org.springframework.web.method.support.InvocableHandlerMethod.invokeForRequest(InvocableHandlerMethod.java:190) ~[spring-web-6.2.2.jar:6.2.2]
	at org.springframework.web.servlet.mvc.method.annotation.ServletInvocableHandlerMethod.invokeAndHandle(ServletInvocableHandlerMethod.java:118) ~[spring-webmvc-6.2.2.jar:6.2.2]
	at org.springframework.web.servlet.mvc.method.annotation.RequestMappingHandlerAdapter.invokeHandlerMethod(RequestMappingHandlerAdapter.java:986) ~[spring-webmvc-6.2.2.jar:6.2.2]
	at org.springframework.web.servlet.mvc.method.annotation.RequestMappingHandlerAdapter.handleInternal(RequestMappingHandlerAdapter.java:891) ~[spring-webmvc-6.2.2.jar:6.2.2]
	at org.springframework.web.servlet.mvc.method.AbstractHandlerMethodAdapter.handle(AbstractHandlerMethodAdapter.java:87) ~[spring-webmvc-6.2.2.jar:6.2.2]
	at org.springframework.web.servlet.DispatcherServlet.doDispatch(DispatcherServlet.java:1088) ~[spring-webmvc-6.2.2.jar:6.2.2]
	at org.springframework.web.servlet.DispatcherServlet.doService(DispatcherServlet.java:978) ~[spring-webmvc-6.2.2.jar:6.2.2]
	at org.springframework.web.servlet.FrameworkServlet.processRequest(FrameworkServlet.java:1014) ~[spring-webmvc-6.2.2.jar:6.2.2]
	at org.springframework.web.servlet.FrameworkServlet.doPost(FrameworkServlet.java:914) ~[spring-webmvc-6.2.2.jar:6.2.2]
	at jakarta.servlet.http.HttpServlet.service(HttpServlet.java:590) ~[tomcat-embed-core-10.1.34.jar:6.0]
	at org.springframework.web.servlet.FrameworkServlet.service(FrameworkServlet.java:885) ~[spring-webmvc-6.2.2.jar:6.2.2]
	at jakarta.servlet.http.HttpServlet.service(HttpServlet.java:658) ~[tomcat-embed-core-10.1.34.jar:6.0]
	at org.apache.catalina.core.ApplicationFilterChain.internalDoFilter(ApplicationFilterChain.java:195) ~[tomcat-embed-core-10.1.34.jar:10.1.34]
	at org.apache.catalina.core.ApplicationFilterChain.doFilter(ApplicationFilterChain.java:140) ~[tomcat-embed-core-10.1.34.jar:10.1.34]
	at org.apache.tomcat.websocket.server.WsFilter.doFilter(WsFilter.java:51) ~[tomcat-embed-websocket-10.1.34.jar:10.1.34]
	at org.apache.catalina.core.ApplicationFilterChain.internalDoFilter(ApplicationFilterChain.java:164) ~[tomcat-embed-core-10.1.34.jar:10.1.34]
	at org.apache.catalina.core.ApplicationFilterChain.doFilter(ApplicationFilterChain.java:140) ~[tomcat-embed-core-10.1.34.jar:10.1.34]
	at org.springframework.web.filter.CompositeFilter$VirtualFilterChain.doFilter(CompositeFilter.java:108) ~[spring-web-6.2.2.jar:6.2.2]
	at org.springframework.security.web.FilterChainProxy.lambda$doFilterInternal$3(FilterChainProxy.java:231) ~[spring-security-web-6.4.2.jar:6.4.2]
	at org.springframework.security.web.FilterChainProxy$VirtualFilterChain.doFilter(FilterChainProxy.java:365) ~[spring-security-web-6.4.2.jar:6.4.2]
	at org.springframework.security.web.access.intercept.AuthorizationFilter.doFilter(AuthorizationFilter.java:101) ~[spring-security-web-6.4.2.jar:6.4.2]
	at org.springframework.security.web.FilterChainProxy$VirtualFilterChain.doFilter(FilterChainProxy.java:374) ~[spring-security-web-6.4.2.jar:6.4.2]
	at org.springframework.security.web.access.ExceptionTranslationFilter.doFilter(ExceptionTranslationFilter.java:126) ~[spring-security-web-6.4.2.jar:6.4.2]
	at org.springframework.security.web.access.ExceptionTranslationFilter.doFilter(ExceptionTranslationFilter.java:120) ~[spring-security-web-6.4.2.jar:6.4.2]
	at org.springframework.security.web.FilterChainProxy$VirtualFilterChain.doFilter(FilterChainProxy.java:374) ~[spring-security-web-6.4.2.jar:6.4.2]
	at org.springframework.security.web.authentication.AnonymousAuthenticationFilter.doFilter(AnonymousAuthenticationFilter.java:100) ~[spring-security-web-6.4.2.jar:6.4.2]
	at org.springframework.security.web.FilterChainProxy$VirtualFilterChain.doFilter(FilterChainProxy.java:374) ~[spring-security-web-6.4.2.jar:6.4.2]
	at org.springframework.security.web.servletapi.SecurityContextHolderAwareRequestFilter.doFilter(SecurityContextHolderAwareRequestFilter.java:179) ~[spring-security-web-6.4.2.jar:6.4.2]
	at org.springframework.security.web.FilterChainProxy$VirtualFilterChain.doFilter(FilterChainProxy.java:374) ~[spring-security-web-6.4.2.jar:6.4.2]
	at org.springframework.security.web.savedrequest.RequestCacheAwareFilter.doFilter(RequestCacheAwareFilter.java:63) ~[spring-security-web-6.4.2.jar:6.4.2]
	at org.springframework.security.web.FilterChainProxy$VirtualFilterChain.doFilter(FilterChainProxy.java:374) ~[spring-security-web-6.4.2.jar:6.4.2]
	at org.springframework.security.web.authentication.logout.LogoutFilter.doFilter(LogoutFilter.java:107) ~[spring-security-web-6.4.2.jar:6.4.2]
	at org.springframework.security.web.authentication.logout.LogoutFilter.doFilter(LogoutFilter.java:93) ~[spring-security-web-6.4.2.jar:6.4.2]
	at org.springframework.security.web.FilterChainProxy$VirtualFilterChain.doFilter(FilterChainProxy.java:374) ~[spring-security-web-6.4.2.jar:6.4.2]
	at org.springframework.security.web.header.HeaderWriterFilter.doHeadersAfter(HeaderWriterFilter.java:90) ~[spring-security-web-6.4.2.jar:6.4.2]
	at org.springframework.security.web.header.HeaderWriterFilter.doFilterInternal(HeaderWriterFilter.java:75) ~[spring-security-web-6.4.2.jar:6.4.2]
	at org.springframework.web.filter.OncePerRequestFilter.doFilter(OncePerRequestFilter.java:116) ~[spring-web-6.2.2.jar:6.2.2]
	at org.springframework.security.web.FilterChainProxy$VirtualFilterChain.doFilter(FilterChainProxy.java:374) ~[spring-security-web-6.4.2.jar:6.4.2]
	at org.springframework.security.web.context.SecurityContextHolderFilter.doFilter(SecurityContextHolderFilter.java:82) ~[spring-security-web-6.4.2.jar:6.4.2]
	at org.springframework.security.web.context.SecurityContextHolderFilter.doFilter(SecurityContextHolderFilter.java:69) ~[spring-security-web-6.4.2.jar:6.4.2]
	at org.springframework.security.web.FilterChainProxy$VirtualFilterChain.doFilter(FilterChainProxy.java:374) ~[spring-security-web-6.4.2.jar:6.4.2]
	at org.springframework.security.web.context.request.async.WebAsyncManagerIntegrationFilter.doFilterInternal(WebAsyncManagerIntegrationFilter.java:62) ~[spring-security-web-6.4.2.jar:6.4.2]
	at org.springframework.web.filter.OncePerRequestFilter.doFilter(OncePerRequestFilter.java:116) ~[spring-web-6.2.2.jar:6.2.2]
	at org.springframework.security.web.FilterChainProxy$VirtualFilterChain.doFilter(FilterChainProxy.java:374) ~[spring-security-web-6.4.2.jar:6.4.2]
	at org.springframework.security.web.session.DisableEncodeUrlFilter.doFilterInternal(DisableEncodeUrlFilter.java:42) ~[spring-security-web-6.4.2.jar:6.4.2]
	at org.springframework.web.filter.OncePerRequestFilter.doFilter(OncePerRequestFilter.java:116) ~[spring-web-6.2.2.jar:6.2.2]
	at org.springframework.security.web.FilterChainProxy$VirtualFilterChain.doFilter(FilterChainProxy.java:374) ~[spring-security-web-6.4.2.jar:6.4.2]
	at org.springframework.security.web.FilterChainProxy.doFilterInternal(FilterChainProxy.java:233) ~[spring-security-web-6.4.2.jar:6.4.2]
	at org.springframework.security.web.FilterChainProxy.doFilter(FilterChainProxy.java:191) ~[spring-security-web-6.4.2.jar:6.4.2]
	at org.springframework.web.filter.CompositeFilter$VirtualFilterChain.doFilter(CompositeFilter.java:113) ~[spring-web-6.2.2.jar:6.2.2]
	at org.springframework.web.servlet.handler.HandlerMappingIntrospector.lambda$createCacheFilter$3(HandlerMappingIntrospector.java:243) ~[spring-webmvc-6.2.2.jar:6.2.2]
	at org.springframework.web.filter.CompositeFilter$VirtualFilterChain.doFilter(CompositeFilter.java:113) ~[spring-web-6.2.2.jar:6.2.2]
	at org.springframework.web.filter.CompositeFilter.doFilter(CompositeFilter.java:74) ~[spring-web-6.2.2.jar:6.2.2]
	at org.springframework.security.config.annotation.web.configuration.WebMvcSecurityConfiguration$CompositeFilterChainProxy.doFilter(WebMvcSecurityConfiguration.java:238) ~[spring-security-config-6.4.2.jar:6.4.2]
	at org.springframework.web.filter.DelegatingFilterProxy.invokeDelegate(DelegatingFilterProxy.java:362) ~[spring-web-6.2.2.jar:6.2.2]
	at org.springframework.web.filter.DelegatingFilterProxy.doFilter(DelegatingFilterProxy.java:278) ~[spring-web-6.2.2.jar:6.2.2]
	at org.apache.catalina.core.ApplicationFilterChain.internalDoFilter(ApplicationFilterChain.java:164) ~[tomcat-embed-core-10.1.34.jar:10.1.34]
	at org.apache.catalina.core.ApplicationFilterChain.doFilter(ApplicationFilterChain.java:140) ~[tomcat-embed-core-10.1.34.jar:10.1.34]
	at org.springframework.web.filter.RequestContextFilter.doFilterInternal(RequestContextFilter.java:100) ~[spring-web-6.2.2.jar:6.2.2]
	at org.springframework.web.filter.OncePerRequestFilter.doFilter(OncePerRequestFilter.java:116) ~[spring-web-6.2.2.jar:6.2.2]
	at org.apache.catalina.core.ApplicationFilterChain.internalDoFilter(ApplicationFilterChain.java:164) ~[tomcat-embed-core-10.1.34.jar:10.1.34]
	at org.apache.catalina.core.ApplicationFilterChain.doFilter(ApplicationFilterChain.java:140) ~[tomcat-embed-core-10.1.34.jar:10.1.34]
	at org.springframework.web.filter.FormContentFilter.doFilterInternal(FormContentFilter.java:93) ~[spring-web-6.2.2.jar:6.2.2]
	at org.springframework.web.filter.OncePerRequestFilter.doFilter(OncePerRequestFilter.java:116) ~[spring-web-6.2.2.jar:6.2.2]
	at org.apache.catalina.core.ApplicationFilterChain.internalDoFilter(ApplicationFilterChain.java:164) ~[tomcat-embed-core-10.1.34.jar:10.1.34]
	at org.apache.catalina.core.ApplicationFilterChain.doFilter(ApplicationFilterChain.java:140) ~[tomcat-embed-core-10.1.34.jar:10.1.34]
	at org.springframework.web.filter.CharacterEncodingFilter.doFilterInternal(CharacterEncodingFilter.java:201) ~[spring-web-6.2.2.jar:6.2.2]
	at org.springframework.web.filter.OncePerRequestFilter.doFilter(OncePerRequestFilter.java:116) ~[spring-web-6.2.2.jar:6.2.2]
	at org.apache.catalina.core.ApplicationFilterChain.internalDoFilter(ApplicationFilterChain.java:164) ~[tomcat-embed-core-10.1.34.jar:10.1.34]
	at org.apache.catalina.core.ApplicationFilterChain.doFilter(ApplicationFilterChain.java:140) ~[tomcat-embed-core-10.1.34.jar:10.1.34]
	at org.apache.catalina.core.StandardWrapperValve.invoke(StandardWrapperValve.java:167) ~[tomcat-embed-core-10.1.34.jar:10.1.34]
	at org.apache.catalina.core.StandardContextValve.invoke(StandardContextValve.java:90) ~[tomcat-embed-core-10.1.34.jar:10.1.34]
	at org.apache.catalina.authenticator.AuthenticatorBase.invoke(AuthenticatorBase.java:483) ~[tomcat-embed-core-10.1.34.jar:10.1.34]
	at org.apache.catalina.core.StandardHostValve.invoke(StandardHostValve.java:115) ~[tomcat-embed-core-10.1.34.jar:10.1.34]
	at org.apache.catalina.valves.ErrorReportValve.invoke(ErrorReportValve.java:93) ~[tomcat-embed-core-10.1.34.jar:10.1.34]
	at org.apache.catalina.core.StandardEngineValve.invoke(StandardEngineValve.java:74) ~[tomcat-embed-core-10.1.34.jar:10.1.34]
	at org.apache.catalina.connector.CoyoteAdapter.service(CoyoteAdapter.java:344) ~[tomcat-embed-core-10.1.34.jar:10.1.34]
	at org.apache.coyote.http11.Http11Processor.service(Http11Processor.java:397) ~[tomcat-embed-core-10.1.34.jar:10.1.34]
	at org.apache.coyote.AbstractProcessorLight.process(AbstractProcessorLight.java:63) ~[tomcat-embed-core-10.1.34.jar:10.1.34]
	at org.apache.coyote.AbstractProtocol$ConnectionHandler.process(AbstractProtocol.java:905) ~[tomcat-embed-core-10.1.34.jar:10.1.34]
	at org.apache.tomcat.util.net.NioEndpoint$SocketProcessor.doRun(NioEndpoint.java:1741) ~[tomcat-embed-core-10.1.34.jar:10.1.34]
	at org.apache.tomcat.util.net.SocketProcessorBase.run(SocketProcessorBase.java:52) ~[tomcat-embed-core-10.1.34.jar:10.1.34]
	at org.apache.tomcat.util.threads.ThreadPoolExecutor.runWorker(ThreadPoolExecutor.java:1190) ~[tomcat-embed-core-10.1.34.jar:10.1.34]
	at org.apache.tomcat.util.threads.ThreadPoolExecutor$Worker.run(ThreadPoolExecutor.java:659) ~[tomcat-embed-core-10.1.34.jar:10.1.34]
	at org.apache.tomcat.util.threads.TaskThread$WrappingRunnable.run(TaskThread.java:63) ~[tomcat-embed-core-10.1.34.jar:10.1.34]
	at java.base/java.lang.Thread.run(Thread.java:842) ~[na:na]

2025-02-01T15:39:53.450+09:00 ERROR 18768 --- [be] [http-nio-8081-exec-4] o.a.c.c.C.[.[.[.[dispatcherServlet]      : Servlet.service() for servlet [dispatcherServlet] in context with path [/maraeba] threw exception

java.nio.file.NoSuchFileException: 3
	at java.base/sun.nio.fs.WindowsException.translateToIOException(WindowsException.java:85) ~[na:na]
	at java.base/sun.nio.fs.WindowsException.rethrowAsIOException(WindowsException.java:103) ~[na:na]
	at java.base/sun.nio.fs.WindowsException.rethrowAsIOException(WindowsException.java:108) ~[na:na]
	at java.base/sun.nio.fs.WindowsFileSystemProvider.newByteChannel(WindowsFileSystemProvider.java:236) ~[na:na]
	at java.base/java.nio.file.Files.newByteChannel(Files.java:380) ~[na:na]
	at java.base/java.nio.file.Files.newByteChannel(Files.java:432) ~[na:na]
	at java.base/java.nio.file.Files.readAllBytes(Files.java:3288) ~[na:na]
	at com.be.domain.wgames.findAnimals.service.FindGameServiceImpl.pickAnimal(FindGameServiceImpl.java:45) ~[main/:na]
	at com.be.domain.wgames.findAnimals.controller.FindGameController.startGame(FindGameController.java:25) ~[main/:na]
	at java.base/jdk.internal.reflect.NativeMethodAccessorImpl.invoke0(Native Method) ~[na:na]
	at java.base/jdk.internal.reflect.NativeMethodAccessorImpl.invoke(NativeMethodAccessorImpl.java:77) ~[na:na]
	at java.base/jdk.internal.reflect.DelegatingMethodAccessorImpl.invoke(DelegatingMethodAccessorImpl.java:43) ~[na:na]
	at java.base/java.lang.reflect.Method.invoke(Method.java:568) ~[na:na]
	at org.springframework.web.method.support.InvocableHandlerMethod.doInvoke(InvocableHandlerMethod.java:257) ~[spring-web-6.2.2.jar:6.2.2]
	at org.springframework.web.method.support.InvocableHandlerMethod.invokeForRequest(InvocableHandlerMethod.java:190) ~[spring-web-6.2.2.jar:6.2.2]
	at org.springframework.web.servlet.mvc.method.annotation.ServletInvocableHandlerMethod.invokeAndHandle(ServletInvocableHandlerMethod.java:118) ~[spring-webmvc-6.2.2.jar:6.2.2]
	at org.springframework.web.servlet.mvc.method.annotation.RequestMappingHandlerAdapter.invokeHandlerMethod(RequestMappingHandlerAdapter.java:986) ~[spring-webmvc-6.2.2.jar:6.2.2]
	at org.springframework.web.servlet.mvc.method.annotation.RequestMappingHandlerAdapter.handleInternal(RequestMappingHandlerAdapter.java:891) ~[spring-webmvc-6.2.2.jar:6.2.2]
	at org.springframework.web.servlet.mvc.method.AbstractHandlerMethodAdapter.handle(AbstractHandlerMethodAdapter.java:87) ~[spring-webmvc-6.2.2.jar:6.2.2]
	at org.springframework.web.servlet.DispatcherServlet.doDispatch(DispatcherServlet.java:1088) ~[spring-webmvc-6.2.2.jar:6.2.2]
	at org.springframework.web.servlet.DispatcherServlet.doService(DispatcherServlet.java:978) ~[spring-webmvc-6.2.2.jar:6.2.2]
	at org.springframework.web.servlet.FrameworkServlet.processRequest(FrameworkServlet.java:1014) ~[spring-webmvc-6.2.2.jar:6.2.2]
	at org.springframework.web.servlet.FrameworkServlet.doPost(FrameworkServlet.java:914) ~[spring-webmvc-6.2.2.jar:6.2.2]
	at jakarta.servlet.http.HttpServlet.service(HttpServlet.java:590) ~[tomcat-embed-core-10.1.34.jar:6.0]
	at org.springframework.web.servlet.FrameworkServlet.service(FrameworkServlet.java:885) ~[spring-webmvc-6.2.2.jar:6.2.2]
	at jakarta.servlet.http.HttpServlet.service(HttpServlet.java:658) ~[tomcat-embed-core-10.1.34.jar:6.0]
	at org.apache.catalina.core.ApplicationFilterChain.internalDoFilter(ApplicationFilterChain.java:195) ~[tomcat-embed-core-10.1.34.jar:10.1.34]
	at org.apache.catalina.core.ApplicationFilterChain.doFilter(ApplicationFilterChain.java:140) ~[tomcat-embed-core-10.1.34.jar:10.1.34]
	at org.apache.tomcat.websocket.server.WsFilter.doFilter(WsFilter.java:51) ~[tomcat-embed-websocket-10.1.34.jar:10.1.34]
	at org.apache.catalina.core.ApplicationFilterChain.internalDoFilter(ApplicationFilterChain.java:164) ~[tomcat-embed-core-10.1.34.jar:10.1.34]
	at org.apache.catalina.core.ApplicationFilterChain.doFilter(ApplicationFilterChain.java:140) ~[tomcat-embed-core-10.1.34.jar:10.1.34]
	at org.springframework.web.filter.CompositeFilter$VirtualFilterChain.doFilter(CompositeFilter.java:108) ~[spring-web-6.2.2.jar:6.2.2]
	at org.springframework.security.web.FilterChainProxy.lambda$doFilterInternal$3(FilterChainProxy.java:231) ~[spring-security-web-6.4.2.jar:6.4.2]
	at org.springframework.security.web.FilterChainProxy$VirtualFilterChain.doFilter(FilterChainProxy.java:365) ~[spring-security-web-6.4.2.jar:6.4.2]
	at org.springframework.security.web.access.intercept.AuthorizationFilter.doFilter(AuthorizationFilter.java:101) ~[spring-security-web-6.4.2.jar:6.4.2]
	at org.springframework.security.web.FilterChainProxy$VirtualFilterChain.doFilter(FilterChainProxy.java:374) ~[spring-security-web-6.4.2.jar:6.4.2]
	at org.springframework.security.web.access.ExceptionTranslationFilter.doFilter(ExceptionTranslationFilter.java:126) ~[spring-security-web-6.4.2.jar:6.4.2]
	at org.springframework.security.web.access.ExceptionTranslationFilter.doFilter(ExceptionTranslationFilter.java:120) ~[spring-security-web-6.4.2.jar:6.4.2]
	at org.springframework.security.web.FilterChainProxy$VirtualFilterChain.doFilter(FilterChainProxy.java:374) ~[spring-security-web-6.4.2.jar:6.4.2]
	at org.springframework.security.web.authentication.AnonymousAuthenticationFilter.doFilter(AnonymousAuthenticationFilter.java:100) ~[spring-security-web-6.4.2.jar:6.4.2]
	at org.springframework.security.web.FilterChainProxy$VirtualFilterChain.doFilter(FilterChainProxy.java:374) ~[spring-security-web-6.4.2.jar:6.4.2]
	at org.springframework.security.web.servletapi.SecurityContextHolderAwareRequestFilter.doFilter(SecurityContextHolderAwareRequestFilter.java:179) ~[spring-security-web-6.4.2.jar:6.4.2]
	at org.springframework.security.web.FilterChainProxy$VirtualFilterChain.doFilter(FilterChainProxy.java:374) ~[spring-security-web-6.4.2.jar:6.4.2]
	at org.springframework.security.web.savedrequest.RequestCacheAwareFilter.doFilter(RequestCacheAwareFilter.java:63) ~[spring-security-web-6.4.2.jar:6.4.2]
	at org.springframework.security.web.FilterChainProxy$VirtualFilterChain.doFilter(FilterChainProxy.java:374) ~[spring-security-web-6.4.2.jar:6.4.2]
	at org.springframework.security.web.authentication.logout.LogoutFilter.doFilter(LogoutFilter.java:107) ~[spring-security-web-6.4.2.jar:6.4.2]
	at org.springframework.security.web.authentication.logout.LogoutFilter.doFilter(LogoutFilter.java:93) ~[spring-security-web-6.4.2.jar:6.4.2]
	at org.springframework.security.web.FilterChainProxy$VirtualFilterChain.doFilter(FilterChainProxy.java:374) ~[spring-security-web-6.4.2.jar:6.4.2]
	at org.springframework.security.web.header.HeaderWriterFilter.doHeadersAfter(HeaderWriterFilter.java:90) ~[spring-security-web-6.4.2.jar:6.4.2]
	at org.springframework.security.web.header.HeaderWriterFilter.doFilterInternal(HeaderWriterFilter.java:75) ~[spring-security-web-6.4.2.jar:6.4.2]
	at org.springframework.web.filter.OncePerRequestFilter.doFilter(OncePerRequestFilter.java:116) ~[spring-web-6.2.2.jar:6.2.2]
	at org.springframework.security.web.FilterChainProxy$VirtualFilterChain.doFilter(FilterChainProxy.java:374) ~[spring-security-web-6.4.2.jar:6.4.2]
	at org.springframework.security.web.context.SecurityContextHolderFilter.doFilter(SecurityContextHolderFilter.java:82) ~[spring-security-web-6.4.2.jar:6.4.2]
	at org.springframework.security.web.context.SecurityContextHolderFilter.doFilter(SecurityContextHolderFilter.java:69) ~[spring-security-web-6.4.2.jar:6.4.2]
	at org.springframework.security.web.FilterChainProxy$VirtualFilterChain.doFilter(FilterChainProxy.java:374) ~[spring-security-web-6.4.2.jar:6.4.2]
	at org.springframework.security.web.context.request.async.WebAsyncManagerIntegrationFilter.doFilterInternal(WebAsyncManagerIntegrationFilter.java:62) ~[spring-security-web-6.4.2.jar:6.4.2]
	at org.springframework.web.filter.OncePerRequestFilter.doFilter(OncePerRequestFilter.java:116) ~[spring-web-6.2.2.jar:6.2.2]
	at org.springframework.security.web.FilterChainProxy$VirtualFilterChain.doFilter(FilterChainProxy.java:374) ~[spring-security-web-6.4.2.jar:6.4.2]
	at org.springframework.security.web.session.DisableEncodeUrlFilter.doFilterInternal(DisableEncodeUrlFilter.java:42) ~[spring-security-web-6.4.2.jar:6.4.2]
	at org.springframework.web.filter.OncePerRequestFilter.doFilter(OncePerRequestFilter.java:116) ~[spring-web-6.2.2.jar:6.2.2]
	at org.springframework.security.web.FilterChainProxy$VirtualFilterChain.doFilter(FilterChainProxy.java:374) ~[spring-security-web-6.4.2.jar:6.4.2]
	at org.springframework.security.web.FilterChainProxy.doFilterInternal(FilterChainProxy.java:233) ~[spring-security-web-6.4.2.jar:6.4.2]
	at org.springframework.security.web.FilterChainProxy.doFilter(FilterChainProxy.java:191) ~[spring-security-web-6.4.2.jar:6.4.2]
	at org.springframework.web.filter.CompositeFilter$VirtualFilterChain.doFilter(CompositeFilter.java:113) ~[spring-web-6.2.2.jar:6.2.2]
	at org.springframework.web.servlet.handler.HandlerMappingIntrospector.lambda$createCacheFilter$3(HandlerMappingIntrospector.java:243) ~[spring-webmvc-6.2.2.jar:6.2.2]
	at org.springframework.web.filter.CompositeFilter$VirtualFilterChain.doFilter(CompositeFilter.java:113) ~[spring-web-6.2.2.jar:6.2.2]
	at org.springframework.web.filter.CompositeFilter.doFilter(CompositeFilter.java:74) ~[spring-web-6.2.2.jar:6.2.2]
	at org.springframework.security.config.annotation.web.configuration.WebMvcSecurityConfiguration$CompositeFilterChainProxy.doFilter(WebMvcSecurityConfiguration.java:238) ~[spring-security-config-6.4.2.jar:6.4.2]
	at org.springframework.web.filter.DelegatingFilterProxy.invokeDelegate(DelegatingFilterProxy.java:362) ~[spring-web-6.2.2.jar:6.2.2]
	at org.springframework.web.filter.DelegatingFilterProxy.doFilter(DelegatingFilterProxy.java:278) ~[spring-web-6.2.2.jar:6.2.2]
	at org.apache.catalina.core.ApplicationFilterChain.internalDoFilter(ApplicationFilterChain.java:164) ~[tomcat-embed-core-10.1.34.jar:10.1.34]
	at org.apache.catalina.core.ApplicationFilterChain.doFilter(ApplicationFilterChain.java:140) ~[tomcat-embed-core-10.1.34.jar:10.1.34]
	at org.springframework.web.filter.RequestContextFilter.doFilterInternal(RequestContextFilter.java:100) ~[spring-web-6.2.2.jar:6.2.2]
	at org.springframework.web.filter.OncePerRequestFilter.doFilter(OncePerRequestFilter.java:116) ~[spring-web-6.2.2.jar:6.2.2]
	at org.apache.catalina.core.ApplicationFilterChain.internalDoFilter(ApplicationFilterChain.java:164) ~[tomcat-embed-core-10.1.34.jar:10.1.34]
	at org.apache.catalina.core.ApplicationFilterChain.doFilter(ApplicationFilterChain.java:140) ~[tomcat-embed-core-10.1.34.jar:10.1.34]
	at org.springframework.web.filter.FormContentFilter.doFilterInternal(FormContentFilter.java:93) ~[spring-web-6.2.2.jar:6.2.2]
	at org.springframework.web.filter.OncePerRequestFilter.doFilter(OncePerRequestFilter.java:116) ~[spring-web-6.2.2.jar:6.2.2]
	at org.apache.catalina.core.ApplicationFilterChain.internalDoFilter(ApplicationFilterChain.java:164) ~[tomcat-embed-core-10.1.34.jar:10.1.34]
	at org.apache.catalina.core.ApplicationFilterChain.doFilter(ApplicationFilterChain.java:140) ~[tomcat-embed-core-10.1.34.jar:10.1.34]
	at org.springframework.web.filter.CharacterEncodingFilter.doFilterInternal(CharacterEncodingFilter.java:201) ~[spring-web-6.2.2.jar:6.2.2]
	at org.springframework.web.filter.OncePerRequestFilter.doFilter(OncePerRequestFilter.java:116) ~[spring-web-6.2.2.jar:6.2.2]
	at org.apache.catalina.core.ApplicationFilterChain.internalDoFilter(ApplicationFilterChain.java:164) ~[tomcat-embed-core-10.1.34.jar:10.1.34]
	at org.apache.catalina.core.ApplicationFilterChain.doFilter(ApplicationFilterChain.java:140) ~[tomcat-embed-core-10.1.34.jar:10.1.34]
	at org.apache.catalina.core.StandardWrapperValve.invoke(StandardWrapperValve.java:167) ~[tomcat-embed-core-10.1.34.jar:10.1.34]
	at org.apache.catalina.core.StandardContextValve.invoke(StandardContextValve.java:90) ~[tomcat-embed-core-10.1.34.jar:10.1.34]
	at org.apache.catalina.authenticator.AuthenticatorBase.invoke(AuthenticatorBase.java:483) ~[tomcat-embed-core-10.1.34.jar:10.1.34]
	at org.apache.catalina.core.StandardHostValve.invoke(StandardHostValve.java:115) ~[tomcat-embed-core-10.1.34.jar:10.1.34]
	at org.apache.catalina.valves.ErrorReportValve.invoke(ErrorReportValve.java:93) ~[tomcat-embed-core-10.1.34.jar:10.1.34]
	at org.apache.catalina.core.StandardEngineValve.invoke(StandardEngineValve.java:74) ~[tomcat-embed-core-10.1.34.jar:10.1.34]
	at org.apache.catalina.connector.CoyoteAdapter.service(CoyoteAdapter.java:344) ~[tomcat-embed-core-10.1.34.jar:10.1.34]
	at org.apache.coyote.http11.Http11Processor.service(Http11Processor.java:397) ~[tomcat-embed-core-10.1.34.jar:10.1.34]
	at org.apache.coyote.AbstractProcessorLight.process(AbstractProcessorLight.java:63) ~[tomcat-embed-core-10.1.34.jar:10.1.34]
	at org.apache.coyote.AbstractProtocol$ConnectionHandler.process(AbstractProtocol.java:905) ~[tomcat-embed-core-10.1.34.jar:10.1.34]
	at org.apache.tomcat.util.net.NioEndpoint$SocketProcessor.doRun(NioEndpoint.java:1741) ~[tomcat-embed-core-10.1.34.jar:10.1.34]
	at org.apache.tomcat.util.net.SocketProcessorBase.run(SocketProcessorBase.java:52) ~[tomcat-embed-core-10.1.34.jar:10.1.34]
	at org.apache.tomcat.util.threads.ThreadPoolExecutor.runWorker(ThreadPoolExecutor.java:1190) ~[tomcat-embed-core-10.1.34.jar:10.1.34]
	at org.apache.tomcat.util.threads.ThreadPoolExecutor$Worker.run(ThreadPoolExecutor.java:659) ~[tomcat-embed-core-10.1.34.jar:10.1.34]
	at org.apache.tomcat.util.threads.TaskThread$WrappingRunnable.run(TaskThread.java:63) ~[tomcat-embed-core-10.1.34.jar:10.1.34]
	at java.base/java.lang.Thread.run(Thread.java:842) ~[na:na]

2025-02-01T15:39:53.464+09:00 DEBUG 18768 --- [be] [http-nio-8081-exec-4] o.s.security.web.FilterChainProxy        : Securing POST /error
2025-02-01T15:39:53.464+09:00 DEBUG 18768 --- [be] [http-nio-8081-exec-3] o.s.security.web.FilterChainProxy        : Securing POST /error
2025-02-01T15:39:53.464+09:00 DEBUG 18768 --- [be] [http-nio-8081-exec-4] o.s.security.web.FilterChainProxy        : Secured POST /error
2025-02-01T15:39:53.464+09:00 DEBUG 18768 --- [be] [http-nio-8081-exec-3] o.s.security.web.FilterChainProxy        : Secured POST /error
2025-02-01T15:39:53.465+09:00 DEBUG 18768 --- [be] [http-nio-8081-exec-4] o.s.web.servlet.DispatcherServlet        : "ERROR" dispatch for POST "/maraeba/error", parameters={}
2025-02-01T15:39:53.465+09:00 DEBUG 18768 --- [be] [http-nio-8081-exec-3] o.s.web.servlet.DispatcherServlet        : "ERROR" dispatch for POST "/maraeba/error", parameters={}
2025-02-01T15:39:53.465+09:00 DEBUG 18768 --- [be] [http-nio-8081-exec-4] s.w.s.m.m.a.RequestMappingHandlerMapping : Mapped to org.springframework.boot.autoconfigure.web.servlet.error.BasicErrorController#error(HttpServletRequest)
2025-02-01T15:39:53.465+09:00 DEBUG 18768 --- [be] [http-nio-8081-exec-3] s.w.s.m.m.a.RequestMappingHandlerMapping : Mapped to org.springframework.boot.autoconfigure.web.servlet.error.BasicErrorController#error(HttpServletRequest)
2025-02-01T15:39:53.483+09:00 DEBUG 18768 --- [be] [http-nio-8081-exec-4] o.s.w.s.m.m.a.HttpEntityMethodProcessor  : Using 'application/json', given [*/*] and supported [application/json, application/*+json]
2025-02-01T15:39:53.483+09:00 DEBUG 18768 --- [be] [http-nio-8081-exec-3] o.s.w.s.m.m.a.HttpEntityMethodProcessor  : Using 'application/json', given [*/*] and supported [application/json, application/*+json]
2025-02-01T15:39:53.485+09:00 DEBUG 18768 --- [be] [http-nio-8081-exec-3] o.s.w.s.m.m.a.HttpEntityMethodProcessor  : Writing [{timestamp=Sat Feb 01 15:39:53 KST 2025, status=500, error=Internal Server Error, trace=java.nio.fil (truncated)...]
2025-02-01T15:39:53.485+09:00 DEBUG 18768 --- [be] [http-nio-8081-exec-4] o.s.w.s.m.m.a.HttpEntityMethodProcessor  : Writing [{timestamp=Sat Feb 01 15:39:53 KST 2025, status=500, error=Internal Server Error, trace=java.nio.fil (truncated)...]
2025-02-01T15:39:53.517+09:00 DEBUG 18768 --- [be] [http-nio-8081-exec-4] o.s.web.servlet.DispatcherServlet        : Exiting from "ERROR" dispatch, status 500
2025-02-01T15:39:53.517+09:00 DEBUG 18768 --- [be] [http-nio-8081-exec-3] o.s.web.servlet.DispatcherServlet        : Exiting from "ERROR" dispatch, status 500
2025-02-01T15:39:53.517+09:00 DEBUG 18768 --- [be] [http-nio-8081-exec-4] o.s.s.w.a.AnonymousAuthenticationFilter  : Set SecurityContextHolder to anonymous SecurityContext
2025-02-01T15:39:53.517+09:00 DEBUG 18768 --- [be] [http-nio-8081-exec-3] o.s.s.w.a.AnonymousAuthenticationFilter  : Set SecurityContextHolder to anonymous SecurityContext
2025-02-01T15:41:01.725+09:00  INFO 18768 --- [be] [SpringApplicationShutdownHook] o.s.b.w.e.tomcat.GracefulShutdown        : Commencing graceful shutdown. Waiting for active requests to complete
2025-02-01T15:41:01.799+09:00  INFO 18768 --- [be] [tomcat-shutdown] o.s.b.w.e.tomcat.GracefulShutdown        : Graceful shutdown complete
2025-02-01T15:41:01.821+09:00  INFO 18768 --- [be] [SpringApplicationShutdownHook] j.LocalContainerEntityManagerFactoryBean : Closing JPA EntityManagerFactory for persistence unit 'default'
2025-02-01T15:41:01.825+09:00  INFO 18768 --- [be] [SpringApplicationShutdownHook] com.zaxxer.hikari.HikariDataSource       : HikariPool-1 - Shutdown initiated...
2025-02-01T15:41:01.830+09:00  INFO 18768 --- [be] [SpringApplicationShutdownHook] com.zaxxer.hikari.HikariDataSource       : HikariPool-1 - Shutdown completed.
2025-02-01T15:41:05.347+09:00  INFO 21296 --- [be] [restartedMain] com.be.BeApplication                     : Starting BeApplication using Java 17.0.12 with PID 21296 (C:\SSAFY\S12P11E104\be\build\classes\java\main started by 95ker in C:\SSAFY\S12P11E104\be)
2025-02-01T15:41:05.349+09:00  INFO 21296 --- [be] [restartedMain] com.be.BeApplication                     : No active profile set, falling back to 1 default profile: "default"
2025-02-01T15:41:05.390+09:00  INFO 21296 --- [be] [restartedMain] .e.DevToolsPropertyDefaultsPostProcessor : Devtools property defaults active! Set 'spring.devtools.add-properties' to 'false' to disable
2025-02-01T15:41:05.390+09:00  INFO 21296 --- [be] [restartedMain] .e.DevToolsPropertyDefaultsPostProcessor : For additional web related logging consider setting the 'logging.level.web' property to 'DEBUG'
2025-02-01T15:41:06.275+09:00  INFO 21296 --- [be] [restartedMain] .s.d.r.c.RepositoryConfigurationDelegate : Bootstrapping Spring Data JPA repositories in DEFAULT mode.
2025-02-01T15:41:06.498+09:00  INFO 21296 --- [be] [restartedMain] .s.d.r.c.RepositoryConfigurationDelegate : Finished Spring Data repository scanning in 214 ms. Found 5 JPA repository interfaces.
2025-02-01T15:41:07.105+09:00  INFO 21296 --- [be] [restartedMain] o.s.b.w.embedded.tomcat.TomcatWebServer  : Tomcat initialized with port 8081 (http)
2025-02-01T15:41:07.119+09:00  INFO 21296 --- [be] [restartedMain] o.apache.catalina.core.StandardService   : Starting service [Tomcat]
2025-02-01T15:41:07.119+09:00  INFO 21296 --- [be] [restartedMain] o.apache.catalina.core.StandardEngine    : Starting Servlet engine: [Apache Tomcat/10.1.34]
2025-02-01T15:41:07.194+09:00  INFO 21296 --- [be] [restartedMain] o.a.c.c.C.[.[localhost].[/maraeba]       : Initializing Spring embedded WebApplicationContext
2025-02-01T15:41:07.194+09:00  INFO 21296 --- [be] [restartedMain] w.s.c.ServletWebServerApplicationContext : Root WebApplicationContext: initialization completed in 1802 ms
2025-02-01T15:41:07.346+09:00  INFO 21296 --- [be] [restartedMain] o.hibernate.jpa.internal.util.LogHelper  : HHH000204: Processing PersistenceUnitInfo [name: default]
2025-02-01T15:41:07.424+09:00  INFO 21296 --- [be] [restartedMain] org.hibernate.Version                    : HHH000412: Hibernate ORM core version 6.6.5.Final
2025-02-01T15:41:07.462+09:00  INFO 21296 --- [be] [restartedMain] o.h.c.internal.RegionFactoryInitiator    : HHH000026: Second-level cache disabled
2025-02-01T15:41:07.778+09:00  INFO 21296 --- [be] [restartedMain] o.s.o.j.p.SpringPersistenceUnitInfo      : No LoadTimeWeaver setup: ignoring JPA class transformer
2025-02-01T15:41:07.811+09:00  INFO 21296 --- [be] [restartedMain] com.zaxxer.hikari.HikariDataSource       : HikariPool-1 - Starting...
2025-02-01T15:41:07.964+09:00  INFO 21296 --- [be] [restartedMain] com.zaxxer.hikari.pool.HikariPool        : HikariPool-1 - Added connection com.mysql.cj.jdbc.ConnectionImpl@414e4db8
2025-02-01T15:41:07.965+09:00  INFO 21296 --- [be] [restartedMain] com.zaxxer.hikari.HikariDataSource       : HikariPool-1 - Start completed.
2025-02-01T15:41:08.019+09:00  WARN 21296 --- [be] [restartedMain] org.hibernate.orm.deprecation            : HHH90000025: MySQL8Dialect does not need to be specified explicitly using 'hibernate.dialect' (remove the property setting and it will be selected by default)
2025-02-01T15:41:08.020+09:00  WARN 21296 --- [be] [restartedMain] org.hibernate.orm.deprecation            : HHH90000026: MySQL8Dialect has been deprecated; use org.hibernate.dialect.MySQLDialect instead
2025-02-01T15:41:08.040+09:00  INFO 21296 --- [be] [restartedMain] org.hibernate.orm.connections.pooling    : HHH10001005: Database info:
	Database JDBC URL [Connecting through datasource 'HikariDataSource (HikariPool-1)']
	Database driver: undefined/unknown
	Database version: 8.0
	Autocommit mode: undefined/unknown
	Isolation level: undefined/unknown
	Minimum pool size: undefined/unknown
	Maximum pool size: undefined/unknown
2025-02-01T15:41:09.019+09:00  INFO 21296 --- [be] [restartedMain] o.h.e.t.j.p.i.JtaPlatformInitiator       : HHH000489: No JTA platform available (set 'hibernate.transaction.jta.platform' to enable JTA platform integration)
2025-02-01T15:41:09.133+09:00  INFO 21296 --- [be] [restartedMain] j.LocalContainerEntityManagerFactoryBean : Initialized JPA EntityManagerFactory for persistence unit 'default'
2025-02-01T15:41:09.489+09:00  INFO 21296 --- [be] [restartedMain] o.s.d.j.r.query.QueryEnhancerFactory     : Hibernate is in classpath; If applicable, HQL parser will be used.
2025-02-01T15:41:10.516+09:00  WARN 21296 --- [be] [restartedMain] JpaBaseConfiguration$JpaWebConfiguration : spring.jpa.open-in-view is enabled by default. Therefore, database queries may be performed during view rendering. Explicitly configure spring.jpa.open-in-view to disable this warning
2025-02-01T15:41:10.667+09:00 DEBUG 21296 --- [be] [restartedMain] s.w.s.m.m.a.RequestMappingHandlerMapping : 7 mappings in 'requestMappingHandlerMapping'
2025-02-01T15:41:10.734+09:00 DEBUG 21296 --- [be] [restartedMain] o.s.w.s.c.annotation.WebMvcConfigurer    : Default resource handling disabled
2025-02-01T15:41:10.776+09:00 DEBUG 21296 --- [be] [restartedMain] o.s.s.web.DefaultSecurityFilterChain     : Will secure any request with filters: DisableEncodeUrlFilter, WebAsyncManagerIntegrationFilter, SecurityContextHolderFilter, HeaderWriterFilter, LogoutFilter, RequestCacheAwareFilter, SecurityContextHolderAwareRequestFilter, AnonymousAuthenticationFilter, ExceptionTranslationFilter, AuthorizationFilter
2025-02-01T15:41:10.859+09:00 DEBUG 21296 --- [be] [restartedMain] s.w.s.m.m.a.RequestMappingHandlerAdapter : ControllerAdvice beans: 0 @ModelAttribute, 0 @InitBinder, 1 RequestBodyAdvice, 1 ResponseBodyAdvice
2025-02-01T15:41:10.902+09:00 DEBUG 21296 --- [be] [restartedMain] .m.m.a.ExceptionHandlerExceptionResolver : ControllerAdvice beans: 0 @ExceptionHandler, 1 ResponseBodyAdvice
2025-02-01T15:41:11.038+09:00  INFO 21296 --- [be] [restartedMain] o.s.b.d.a.OptionalLiveReloadServer       : LiveReload server is running on port 35729
2025-02-01T15:41:11.126+09:00  INFO 21296 --- [be] [restartedMain] o.s.b.w.embedded.tomcat.TomcatWebServer  : Tomcat started on port 8081 (http) with context path '/maraeba'
2025-02-01T15:41:11.134+09:00  INFO 21296 --- [be] [restartedMain] com.be.BeApplication                     : Started BeApplication in 6.295 seconds (process running for 7.18)
2025-02-01T15:41:58.915+09:00  INFO 21296 --- [be] [http-nio-8081-exec-1] o.a.c.c.C.[.[localhost].[/maraeba]       : Initializing Spring DispatcherServlet 'dispatcherServlet'
2025-02-01T15:41:58.915+09:00  INFO 21296 --- [be] [http-nio-8081-exec-1] o.s.web.servlet.DispatcherServlet        : Initializing Servlet 'dispatcherServlet'
2025-02-01T15:41:58.915+09:00 DEBUG 21296 --- [be] [http-nio-8081-exec-1] o.s.web.servlet.DispatcherServlet        : Detected StandardServletMultipartResolver
2025-02-01T15:41:58.915+09:00 DEBUG 21296 --- [be] [http-nio-8081-exec-1] o.s.web.servlet.DispatcherServlet        : Detected AcceptHeaderLocaleResolver
2025-02-01T15:41:58.916+09:00 DEBUG 21296 --- [be] [http-nio-8081-exec-1] o.s.web.servlet.DispatcherServlet        : Detected FixedThemeResolver
2025-02-01T15:41:58.916+09:00 DEBUG 21296 --- [be] [http-nio-8081-exec-1] o.s.web.servlet.DispatcherServlet        : Detected org.springframework.web.servlet.view.DefaultRequestToViewNameTranslator@371ba2e4
2025-02-01T15:41:58.917+09:00 DEBUG 21296 --- [be] [http-nio-8081-exec-1] o.s.web.servlet.DispatcherServlet        : Detected org.springframework.web.servlet.support.SessionFlashMapManager@714a9174
2025-02-01T15:41:58.918+09:00 DEBUG 21296 --- [be] [http-nio-8081-exec-1] o.s.web.servlet.DispatcherServlet        : enableLoggingRequestDetails='false': request parameters and headers will be masked to prevent unsafe logging of potentially sensitive data
2025-02-01T15:41:58.919+09:00  INFO 21296 --- [be] [http-nio-8081-exec-1] o.s.web.servlet.DispatcherServlet        : Completed initialization in 4 ms
2025-02-01T15:41:58.944+09:00 DEBUG 21296 --- [be] [http-nio-8081-exec-1] o.s.security.web.FilterChainProxy        : Securing OPTIONS /wgames/find-animal/start-game
2025-02-01T15:41:58.944+09:00 DEBUG 21296 --- [be] [http-nio-8081-exec-2] o.s.security.web.FilterChainProxy        : Securing OPTIONS /wgames/find-animal/start-game
2025-02-01T15:41:58.951+09:00 DEBUG 21296 --- [be] [http-nio-8081-exec-2] o.s.security.web.FilterChainProxy        : Secured OPTIONS /wgames/find-animal/start-game
2025-02-01T15:41:58.951+09:00 DEBUG 21296 --- [be] [http-nio-8081-exec-1] o.s.security.web.FilterChainProxy        : Secured OPTIONS /wgames/find-animal/start-game
2025-02-01T15:41:58.955+09:00 DEBUG 21296 --- [be] [http-nio-8081-exec-1] o.s.web.servlet.DispatcherServlet        : OPTIONS "/maraeba/wgames/find-animal/start-game", parameters={}
2025-02-01T15:41:58.955+09:00 DEBUG 21296 --- [be] [http-nio-8081-exec-2] o.s.web.servlet.DispatcherServlet        : OPTIONS "/maraeba/wgames/find-animal/start-game", parameters={}
2025-02-01T15:41:58.957+09:00 DEBUG 21296 --- [be] [http-nio-8081-exec-1] s.w.s.m.m.a.RequestMappingHandlerMapping : Mapped to com.be.domain.wgames.findAnimals.controller.FindGameController#startGame()
2025-02-01T15:41:58.957+09:00 DEBUG 21296 --- [be] [http-nio-8081-exec-2] s.w.s.m.m.a.RequestMappingHandlerMapping : Mapped to com.be.domain.wgames.findAnimals.controller.FindGameController#startGame()
2025-02-01T15:41:58.977+09:00 DEBUG 21296 --- [be] [http-nio-8081-exec-1] o.s.web.servlet.DispatcherServlet        : Completed 200 OK
2025-02-01T15:41:58.977+09:00 DEBUG 21296 --- [be] [http-nio-8081-exec-2] o.s.web.servlet.DispatcherServlet        : Completed 200 OK
2025-02-01T15:41:58.977+09:00 DEBUG 21296 --- [be] [http-nio-8081-exec-1] o.s.s.w.a.AnonymousAuthenticationFilter  : Set SecurityContextHolder to anonymous SecurityContext
2025-02-01T15:41:58.977+09:00 DEBUG 21296 --- [be] [http-nio-8081-exec-2] o.s.s.w.a.AnonymousAuthenticationFilter  : Set SecurityContextHolder to anonymous SecurityContext
2025-02-01T15:41:58.982+09:00 DEBUG 21296 --- [be] [http-nio-8081-exec-4] o.s.security.web.FilterChainProxy        : Securing POST /wgames/find-animal/start-game
2025-02-01T15:41:58.982+09:00 DEBUG 21296 --- [be] [http-nio-8081-exec-3] o.s.security.web.FilterChainProxy        : Securing POST /wgames/find-animal/start-game
2025-02-01T15:41:58.982+09:00 DEBUG 21296 --- [be] [http-nio-8081-exec-4] o.s.security.web.FilterChainProxy        : Secured POST /wgames/find-animal/start-game
2025-02-01T15:41:58.982+09:00 DEBUG 21296 --- [be] [http-nio-8081-exec-3] o.s.security.web.FilterChainProxy        : Secured POST /wgames/find-animal/start-game
2025-02-01T15:41:58.982+09:00 DEBUG 21296 --- [be] [http-nio-8081-exec-4] o.s.web.servlet.DispatcherServlet        : POST "/maraeba/wgames/find-animal/start-game", parameters={}
2025-02-01T15:41:58.982+09:00 DEBUG 21296 --- [be] [http-nio-8081-exec-3] o.s.web.servlet.DispatcherServlet        : POST "/maraeba/wgames/find-animal/start-game", parameters={}
2025-02-01T15:41:58.982+09:00 DEBUG 21296 --- [be] [http-nio-8081-exec-3] s.w.s.m.m.a.RequestMappingHandlerMapping : Mapped to com.be.domain.wgames.findAnimals.controller.FindGameController#startGame()
2025-02-01T15:41:58.984+09:00 DEBUG 21296 --- [be] [http-nio-8081-exec-4] s.w.s.m.m.a.RequestMappingHandlerMapping : Mapped to com.be.domain.wgames.findAnimals.controller.FindGameController#startGame()
2025-02-01T15:41:59.144+09:00 DEBUG 21296 --- [be] [http-nio-8081-exec-3] o.s.w.s.m.m.a.HttpEntityMethodProcessor  : Using 'application/json', given [*/*] and supported [application/json, application/*+json]
2025-02-01T15:41:59.144+09:00 DEBUG 21296 --- [be] [http-nio-8081-exec-4] o.s.w.s.m.m.a.HttpEntityMethodProcessor  : Using 'application/json', given [*/*] and supported [application/json, application/*+json]
2025-02-01T15:41:59.148+09:00 DEBUG 21296 --- [be] [http-nio-8081-exec-4] o.s.w.s.m.m.a.HttpEntityMethodProcessor  : Writing [com.be.domain.wgames.findAnimals.response.AnimalResponse@607eae51]
2025-02-01T15:41:59.148+09:00 DEBUG 21296 --- [be] [http-nio-8081-exec-3] o.s.w.s.m.m.a.HttpEntityMethodProcessor  : Writing [com.be.domain.wgames.findAnimals.response.AnimalResponse@31b36b4a]
2025-02-01T15:41:59.257+09:00 DEBUG 21296 --- [be] [http-nio-8081-exec-4] o.s.web.servlet.DispatcherServlet        : Completed 200 OK
2025-02-01T15:41:59.258+09:00 DEBUG 21296 --- [be] [http-nio-8081-exec-4] o.s.s.w.a.AnonymousAuthenticationFilter  : Set SecurityContextHolder to anonymous SecurityContext
2025-02-01T15:41:59.261+09:00 DEBUG 21296 --- [be] [http-nio-8081-exec-3] o.s.web.servlet.DispatcherServlet        : Completed 200 OK
2025-02-01T15:41:59.262+09:00 DEBUG 21296 --- [be] [http-nio-8081-exec-3] o.s.s.w.a.AnonymousAuthenticationFilter  : Set SecurityContextHolder to anonymous SecurityContext
2025-02-01T15:43:23.880+09:00 DEBUG 21296 --- [be] [http-nio-8081-exec-8] o.s.security.web.FilterChainProxy        : Securing OPTIONS /wgames/find-animal/start-game
2025-02-01T15:43:23.880+09:00 DEBUG 21296 --- [be] [http-nio-8081-exec-7] o.s.security.web.FilterChainProxy        : Securing OPTIONS /wgames/find-animal/start-game
2025-02-01T15:43:23.881+09:00 DEBUG 21296 --- [be] [http-nio-8081-exec-7] o.s.security.web.FilterChainProxy        : Secured OPTIONS /wgames/find-animal/start-game
2025-02-01T15:43:23.881+09:00 DEBUG 21296 --- [be] [http-nio-8081-exec-8] o.s.security.web.FilterChainProxy        : Secured OPTIONS /wgames/find-animal/start-game
2025-02-01T15:43:23.881+09:00 DEBUG 21296 --- [be] [http-nio-8081-exec-7] o.s.web.servlet.DispatcherServlet        : OPTIONS "/maraeba/wgames/find-animal/start-game", parameters={}
2025-02-01T15:43:23.881+09:00 DEBUG 21296 --- [be] [http-nio-8081-exec-8] o.s.web.servlet.DispatcherServlet        : OPTIONS "/maraeba/wgames/find-animal/start-game", parameters={}
2025-02-01T15:43:23.881+09:00 DEBUG 21296 --- [be] [http-nio-8081-exec-7] s.w.s.m.m.a.RequestMappingHandlerMapping : Mapped to com.be.domain.wgames.findAnimals.controller.FindGameController#startGame()
2025-02-01T15:43:23.881+09:00 DEBUG 21296 --- [be] [http-nio-8081-exec-8] s.w.s.m.m.a.RequestMappingHandlerMapping : Mapped to com.be.domain.wgames.findAnimals.controller.FindGameController#startGame()
2025-02-01T15:43:23.882+09:00 DEBUG 21296 --- [be] [http-nio-8081-exec-7] o.s.web.servlet.DispatcherServlet        : Completed 200 OK
2025-02-01T15:43:23.882+09:00 DEBUG 21296 --- [be] [http-nio-8081-exec-8] o.s.web.servlet.DispatcherServlet        : Completed 200 OK
2025-02-01T15:43:23.883+09:00 DEBUG 21296 --- [be] [http-nio-8081-exec-7] o.s.s.w.a.AnonymousAuthenticationFilter  : Set SecurityContextHolder to anonymous SecurityContext
2025-02-01T15:43:23.883+09:00 DEBUG 21296 --- [be] [http-nio-8081-exec-8] o.s.s.w.a.AnonymousAuthenticationFilter  : Set SecurityContextHolder to anonymous SecurityContext
2025-02-01T15:43:23.888+09:00 DEBUG 21296 --- [be] [http-nio-8081-exec-9] o.s.security.web.FilterChainProxy        : Securing POST /wgames/find-animal/start-game
2025-02-01T15:43:23.889+09:00 DEBUG 21296 --- [be] [http-nio-8081-exec-9] o.s.security.web.FilterChainProxy        : Secured POST /wgames/find-animal/start-game
2025-02-01T15:43:23.890+09:00 DEBUG 21296 --- [be] [http-nio-8081-exec-9] o.s.web.servlet.DispatcherServlet        : POST "/maraeba/wgames/find-animal/start-game", parameters={}
2025-02-01T15:43:23.890+09:00 DEBUG 21296 --- [be] [http-nio-8081-exec-9] s.w.s.m.m.a.RequestMappingHandlerMapping : Mapped to com.be.domain.wgames.findAnimals.controller.FindGameController#startGame()
2025-02-01T15:43:23.900+09:00 DEBUG 21296 --- [be] [http-nio-8081-exec-10] o.s.security.web.FilterChainProxy        : Securing POST /wgames/find-animal/start-game
2025-02-01T15:43:23.903+09:00 DEBUG 21296 --- [be] [http-nio-8081-exec-10] o.s.security.web.FilterChainProxy        : Secured POST /wgames/find-animal/start-game
2025-02-01T15:43:23.904+09:00 DEBUG 21296 --- [be] [http-nio-8081-exec-10] o.s.web.servlet.DispatcherServlet        : POST "/maraeba/wgames/find-animal/start-game", parameters={}
2025-02-01T15:43:23.905+09:00 DEBUG 21296 --- [be] [http-nio-8081-exec-10] s.w.s.m.m.a.RequestMappingHandlerMapping : Mapped to com.be.domain.wgames.findAnimals.controller.FindGameController#startGame()
2025-02-01T15:43:23.909+09:00 DEBUG 21296 --- [be] [http-nio-8081-exec-9] o.s.w.s.m.m.a.HttpEntityMethodProcessor  : Using 'application/json', given [*/*] and supported [application/json, application/*+json]
2025-02-01T15:43:23.909+09:00 DEBUG 21296 --- [be] [http-nio-8081-exec-9] o.s.w.s.m.m.a.HttpEntityMethodProcessor  : Writing [com.be.domain.wgames.findAnimals.response.AnimalResponse@6f89b81f]
2025-02-01T15:43:23.932+09:00 DEBUG 21296 --- [be] [http-nio-8081-exec-10] o.s.w.s.m.m.a.HttpEntityMethodProcessor  : Using 'application/json', given [*/*] and supported [application/json, application/*+json]
2025-02-01T15:43:23.933+09:00 DEBUG 21296 --- [be] [http-nio-8081-exec-10] o.s.w.s.m.m.a.HttpEntityMethodProcessor  : Writing [com.be.domain.wgames.findAnimals.response.AnimalResponse@2abffca6]
2025-02-01T15:43:23.984+09:00 DEBUG 21296 --- [be] [http-nio-8081-exec-9] o.s.web.servlet.DispatcherServlet        : Completed 200 OK
2025-02-01T15:43:23.985+09:00 DEBUG 21296 --- [be] [http-nio-8081-exec-9] o.s.s.w.a.AnonymousAuthenticationFilter  : Set SecurityContextHolder to anonymous SecurityContext
2025-02-01T15:43:23.987+09:00 DEBUG 21296 --- [be] [http-nio-8081-exec-10] o.s.web.servlet.DispatcherServlet        : Completed 200 OK
2025-02-01T15:43:23.987+09:00 DEBUG 21296 --- [be] [http-nio-8081-exec-10] o.s.s.w.a.AnonymousAuthenticationFilter  : Set SecurityContextHolder to anonymous SecurityContext
2025-02-01T15:43:24.557+09:00 DEBUG 21296 --- [be] [http-nio-8081-exec-2] o.s.security.web.FilterChainProxy        : Securing OPTIONS /wgames/find-animal/start-game
2025-02-01T15:43:24.558+09:00 DEBUG 21296 --- [be] [http-nio-8081-exec-2] o.s.security.web.FilterChainProxy        : Secured OPTIONS /wgames/find-animal/start-game
2025-02-01T15:43:24.558+09:00 DEBUG 21296 --- [be] [http-nio-8081-exec-2] o.s.web.servlet.DispatcherServlet        : OPTIONS "/maraeba/wgames/find-animal/start-game", parameters={}
2025-02-01T15:43:24.559+09:00 DEBUG 21296 --- [be] [http-nio-8081-exec-2] s.w.s.m.m.a.RequestMappingHandlerMapping : Mapped to com.be.domain.wgames.findAnimals.controller.FindGameController#startGame()
2025-02-01T15:43:24.559+09:00 DEBUG 21296 --- [be] [http-nio-8081-exec-1] o.s.security.web.FilterChainProxy        : Securing OPTIONS /wgames/find-animal/start-game
2025-02-01T15:43:24.559+09:00 DEBUG 21296 --- [be] [http-nio-8081-exec-1] o.s.security.web.FilterChainProxy        : Secured OPTIONS /wgames/find-animal/start-game
2025-02-01T15:43:24.559+09:00 DEBUG 21296 --- [be] [http-nio-8081-exec-1] o.s.web.servlet.DispatcherServlet        : OPTIONS "/maraeba/wgames/find-animal/start-game", parameters={}
2025-02-01T15:43:24.561+09:00 DEBUG 21296 --- [be] [http-nio-8081-exec-1] s.w.s.m.m.a.RequestMappingHandlerMapping : Mapped to com.be.domain.wgames.findAnimals.controller.FindGameController#startGame()
2025-02-01T15:43:24.561+09:00 DEBUG 21296 --- [be] [http-nio-8081-exec-2] o.s.web.servlet.DispatcherServlet        : Completed 200 OK
2025-02-01T15:43:24.561+09:00 DEBUG 21296 --- [be] [http-nio-8081-exec-2] o.s.s.w.a.AnonymousAuthenticationFilter  : Set SecurityContextHolder to anonymous SecurityContext
2025-02-01T15:43:24.562+09:00 DEBUG 21296 --- [be] [http-nio-8081-exec-1] o.s.web.servlet.DispatcherServlet        : Completed 200 OK
2025-02-01T15:43:24.562+09:00 DEBUG 21296 --- [be] [http-nio-8081-exec-1] o.s.s.w.a.AnonymousAuthenticationFilter  : Set SecurityContextHolder to anonymous SecurityContext
2025-02-01T15:43:24.570+09:00 DEBUG 21296 --- [be] [http-nio-8081-exec-3] o.s.security.web.FilterChainProxy        : Securing POST /wgames/find-animal/start-game
2025-02-01T15:43:24.570+09:00 DEBUG 21296 --- [be] [http-nio-8081-exec-4] o.s.security.web.FilterChainProxy        : Securing POST /wgames/find-animal/start-game
2025-02-01T15:43:24.570+09:00 DEBUG 21296 --- [be] [http-nio-8081-exec-4] o.s.security.web.FilterChainProxy        : Secured POST /wgames/find-animal/start-game
2025-02-01T15:43:24.570+09:00 DEBUG 21296 --- [be] [http-nio-8081-exec-3] o.s.security.web.FilterChainProxy        : Secured POST /wgames/find-animal/start-game
2025-02-01T15:43:24.570+09:00 DEBUG 21296 --- [be] [http-nio-8081-exec-4] o.s.web.servlet.DispatcherServlet        : POST "/maraeba/wgames/find-animal/start-game", parameters={}
2025-02-01T15:43:24.570+09:00 DEBUG 21296 --- [be] [http-nio-8081-exec-3] o.s.web.servlet.DispatcherServlet        : POST "/maraeba/wgames/find-animal/start-game", parameters={}
2025-02-01T15:43:24.570+09:00 DEBUG 21296 --- [be] [http-nio-8081-exec-4] s.w.s.m.m.a.RequestMappingHandlerMapping : Mapped to com.be.domain.wgames.findAnimals.controller.FindGameController#startGame()
2025-02-01T15:43:24.570+09:00 DEBUG 21296 --- [be] [http-nio-8081-exec-3] s.w.s.m.m.a.RequestMappingHandlerMapping : Mapped to com.be.domain.wgames.findAnimals.controller.FindGameController#startGame()
2025-02-01T15:43:24.581+09:00 DEBUG 21296 --- [be] [http-nio-8081-exec-3] o.s.w.s.m.m.a.HttpEntityMethodProcessor  : Using 'application/json', given [*/*] and supported [application/json, application/*+json]
2025-02-01T15:43:24.581+09:00 DEBUG 21296 --- [be] [http-nio-8081-exec-3] o.s.w.s.m.m.a.HttpEntityMethodProcessor  : Writing [com.be.domain.wgames.findAnimals.response.AnimalResponse@17cc9435]
2025-02-01T15:43:24.581+09:00 DEBUG 21296 --- [be] [http-nio-8081-exec-4] o.s.w.s.m.m.a.HttpEntityMethodProcessor  : Using 'application/json', given [*/*] and supported [application/json, application/*+json]
2025-02-01T15:43:24.581+09:00 DEBUG 21296 --- [be] [http-nio-8081-exec-4] o.s.w.s.m.m.a.HttpEntityMethodProcessor  : Writing [com.be.domain.wgames.findAnimals.response.AnimalResponse@639ab15]
2025-02-01T15:43:24.618+09:00 DEBUG 21296 --- [be] [http-nio-8081-exec-3] o.s.web.servlet.DispatcherServlet        : Completed 200 OK
2025-02-01T15:43:24.618+09:00 DEBUG 21296 --- [be] [http-nio-8081-exec-3] o.s.s.w.a.AnonymousAuthenticationFilter  : Set SecurityContextHolder to anonymous SecurityContext
2025-02-01T15:43:24.620+09:00 DEBUG 21296 --- [be] [http-nio-8081-exec-4] o.s.web.servlet.DispatcherServlet        : Completed 200 OK
2025-02-01T15:43:24.621+09:00 DEBUG 21296 --- [be] [http-nio-8081-exec-4] o.s.s.w.a.AnonymousAuthenticationFilter  : Set SecurityContextHolder to anonymous SecurityContext
2025-02-01T16:46:12.406+09:00 DEBUG 21296 --- [be] [http-nio-8081-exec-8] o.s.security.web.FilterChainProxy        : Securing OPTIONS /wgames/find-animal/start-game
2025-02-01T16:46:12.407+09:00 DEBUG 21296 --- [be] [http-nio-8081-exec-7] o.s.security.web.FilterChainProxy        : Securing OPTIONS /wgames/find-animal/start-game
2025-02-01T16:46:12.408+09:00 DEBUG 21296 --- [be] [http-nio-8081-exec-7] o.s.security.web.FilterChainProxy        : Secured OPTIONS /wgames/find-animal/start-game
2025-02-01T16:46:12.408+09:00 DEBUG 21296 --- [be] [http-nio-8081-exec-8] o.s.security.web.FilterChainProxy        : Secured OPTIONS /wgames/find-animal/start-game
2025-02-01T16:46:12.411+09:00 DEBUG 21296 --- [be] [http-nio-8081-exec-7] o.s.web.servlet.DispatcherServlet        : OPTIONS "/maraeba/wgames/find-animal/start-game", parameters={}
2025-02-01T16:46:12.412+09:00 DEBUG 21296 --- [be] [http-nio-8081-exec-8] o.s.web.servlet.DispatcherServlet        : OPTIONS "/maraeba/wgames/find-animal/start-game", parameters={}
2025-02-01T16:46:12.413+09:00 DEBUG 21296 --- [be] [http-nio-8081-exec-8] s.w.s.m.m.a.RequestMappingHandlerMapping : Mapped to com.be.domain.wgames.findAnimals.controller.FindGameController#startGame()
2025-02-01T16:46:12.413+09:00 DEBUG 21296 --- [be] [http-nio-8081-exec-7] s.w.s.m.m.a.RequestMappingHandlerMapping : Mapped to com.be.domain.wgames.findAnimals.controller.FindGameController#startGame()
2025-02-01T16:46:12.414+09:00 DEBUG 21296 --- [be] [http-nio-8081-exec-7] o.s.web.servlet.DispatcherServlet        : Completed 200 OK
2025-02-01T16:46:12.415+09:00 DEBUG 21296 --- [be] [http-nio-8081-exec-7] o.s.s.w.a.AnonymousAuthenticationFilter  : Set SecurityContextHolder to anonymous SecurityContext
2025-02-01T16:46:12.414+09:00 DEBUG 21296 --- [be] [http-nio-8081-exec-8] o.s.web.servlet.DispatcherServlet        : Completed 200 OK
2025-02-01T16:46:12.416+09:00 DEBUG 21296 --- [be] [http-nio-8081-exec-8] o.s.s.w.a.AnonymousAuthenticationFilter  : Set SecurityContextHolder to anonymous SecurityContext
2025-02-01T16:46:12.419+09:00 DEBUG 21296 --- [be] [http-nio-8081-exec-9] o.s.security.web.FilterChainProxy        : Securing POST /wgames/find-animal/start-game
2025-02-01T16:46:12.419+09:00 DEBUG 21296 --- [be] [http-nio-8081-exec-10] o.s.security.web.FilterChainProxy        : Securing POST /wgames/find-animal/start-game
2025-02-01T16:46:12.420+09:00 DEBUG 21296 --- [be] [http-nio-8081-exec-10] o.s.security.web.FilterChainProxy        : Secured POST /wgames/find-animal/start-game
2025-02-01T16:46:12.420+09:00 DEBUG 21296 --- [be] [http-nio-8081-exec-9] o.s.security.web.FilterChainProxy        : Secured POST /wgames/find-animal/start-game
2025-02-01T16:46:12.420+09:00 DEBUG 21296 --- [be] [http-nio-8081-exec-10] o.s.web.servlet.DispatcherServlet        : POST "/maraeba/wgames/find-animal/start-game", parameters={}
2025-02-01T16:46:12.420+09:00 DEBUG 21296 --- [be] [http-nio-8081-exec-9] o.s.web.servlet.DispatcherServlet        : POST "/maraeba/wgames/find-animal/start-game", parameters={}
2025-02-01T16:46:12.421+09:00 DEBUG 21296 --- [be] [http-nio-8081-exec-9] s.w.s.m.m.a.RequestMappingHandlerMapping : Mapped to com.be.domain.wgames.findAnimals.controller.FindGameController#startGame()
2025-02-01T16:46:12.425+09:00 DEBUG 21296 --- [be] [http-nio-8081-exec-10] s.w.s.m.m.a.RequestMappingHandlerMapping : Mapped to com.be.domain.wgames.findAnimals.controller.FindGameController#startGame()
2025-02-01T16:46:12.448+09:00 DEBUG 21296 --- [be] [http-nio-8081-exec-10] o.s.w.s.m.m.a.HttpEntityMethodProcessor  : Using 'application/json', given [*/*] and supported [application/json, application/*+json]
2025-02-01T16:46:12.448+09:00 DEBUG 21296 --- [be] [http-nio-8081-exec-9] o.s.w.s.m.m.a.HttpEntityMethodProcessor  : Using 'application/json', given [*/*] and supported [application/json, application/*+json]
2025-02-01T16:46:12.448+09:00 DEBUG 21296 --- [be] [http-nio-8081-exec-10] o.s.w.s.m.m.a.HttpEntityMethodProcessor  : Writing [com.be.domain.wgames.findAnimals.response.AnimalResponse@1d30008e]
2025-02-01T16:46:12.448+09:00 DEBUG 21296 --- [be] [http-nio-8081-exec-9] o.s.w.s.m.m.a.HttpEntityMethodProcessor  : Writing [com.be.domain.wgames.findAnimals.response.AnimalResponse@50216acf]
2025-02-01T16:46:12.485+09:00 DEBUG 21296 --- [be] [http-nio-8081-exec-9] o.s.web.servlet.DispatcherServlet        : Completed 200 OK
2025-02-01T16:46:12.485+09:00 DEBUG 21296 --- [be] [http-nio-8081-exec-9] o.s.s.w.a.AnonymousAuthenticationFilter  : Set SecurityContextHolder to anonymous SecurityContext
2025-02-01T16:46:12.494+09:00 DEBUG 21296 --- [be] [http-nio-8081-exec-10] o.s.web.servlet.DispatcherServlet        : Completed 200 OK
2025-02-01T16:46:12.495+09:00 DEBUG 21296 --- [be] [http-nio-8081-exec-10] o.s.s.w.a.AnonymousAuthenticationFilter  : Set SecurityContextHolder to anonymous SecurityContext
2025-02-01T16:49:12.438+09:00  INFO 21296 --- [be] [File Watcher] rtingClassPathChangeChangedEventListener : Restarting due to 5 class path changes (0 additions, 0 deletions, 5 modifications)
2025-02-01T16:49:12.443+09:00  INFO 21296 --- [be] [Thread-5] o.s.b.w.e.tomcat.GracefulShutdown        : Commencing graceful shutdown. Waiting for active requests to complete
2025-02-01T16:49:12.518+09:00  INFO 21296 --- [be] [tomcat-shutdown] o.s.b.w.e.tomcat.GracefulShutdown        : Graceful shutdown complete
2025-02-01T16:49:12.547+09:00  INFO 21296 --- [be] [Thread-5] j.LocalContainerEntityManagerFactoryBean : Closing JPA EntityManagerFactory for persistence unit 'default'
2025-02-01T16:49:12.550+09:00  INFO 21296 --- [be] [Thread-5] com.zaxxer.hikari.HikariDataSource       : HikariPool-1 - Shutdown initiated...
2025-02-01T16:49:12.552+09:00  INFO 21296 --- [be] [Thread-5] com.zaxxer.hikari.HikariDataSource       : HikariPool-1 - Shutdown completed.
2025-02-01T16:49:12.654+09:00 ERROR 21296 --- [be] [restartedMain] o.s.boot.SpringApplication               : Application run failed

org.yaml.snakeyaml.constructor.DuplicateKeyException: while constructing a mapping
 in 'reader', line 1, column 1:
    server:
    ^
found duplicate key server
 in 'reader', line 49, column 1:
    s
    ^

	at org.yaml.snakeyaml.constructor.SafeConstructor.processDuplicateKeys(SafeConstructor.java:126) ~[snakeyaml-2.3.jar:na]
	at org.yaml.snakeyaml.constructor.SafeConstructor.flattenMapping(SafeConstructor.java:78) ~[snakeyaml-2.3.jar:na]
	at org.yaml.snakeyaml.constructor.SafeConstructor.flattenMapping(SafeConstructor.java:73) ~[snakeyaml-2.3.jar:na]
	at org.yaml.snakeyaml.constructor.SafeConstructor.constructMapping2ndStep(SafeConstructor.java:209) ~[snakeyaml-2.3.jar:na]
	at org.yaml.snakeyaml.constructor.BaseConstructor.constructMapping(BaseConstructor.java:552) ~[snakeyaml-2.3.jar:na]
	at org.yaml.snakeyaml.constructor.SafeConstructor$ConstructYamlMap.construct(SafeConstructor.java:597) ~[snakeyaml-2.3.jar:na]
	at org.yaml.snakeyaml.constructor.BaseConstructor.constructObjectNoCheck(BaseConstructor.java:264) ~[snakeyaml-2.3.jar:na]
	at org.yaml.snakeyaml.constructor.BaseConstructor.constructObject(BaseConstructor.java:247) ~[snakeyaml-2.3.jar:na]
	at org.springframework.boot.env.OriginTrackedYamlLoader$OriginTrackingConstructor.constructObject(OriginTrackedYamlLoader.java:119) ~[spring-boot-3.4.2.jar:3.4.2]
	at org.yaml.snakeyaml.constructor.BaseConstructor.constructDocument(BaseConstructor.java:201) ~[snakeyaml-2.3.jar:na]
	at org.yaml.snakeyaml.constructor.BaseConstructor.getData(BaseConstructor.java:166) ~[snakeyaml-2.3.jar:na]
	at org.springframework.boot.env.OriginTrackedYamlLoader$OriginTrackingConstructor.getData(OriginTrackedYamlLoader.java:99) ~[spring-boot-3.4.2.jar:3.4.2]
	at org.yaml.snakeyaml.Yaml$1.next(Yaml.java:529) ~[snakeyaml-2.3.jar:na]
	at org.springframework.beans.factory.config.YamlProcessor.process(YamlProcessor.java:203) ~[spring-beans-6.2.2.jar:6.2.2]
	at org.springframework.beans.factory.config.YamlProcessor.process(YamlProcessor.java:169) ~[spring-beans-6.2.2.jar:6.2.2]
	at org.springframework.boot.env.OriginTrackedYamlLoader.load(OriginTrackedYamlLoader.java:84) ~[spring-boot-3.4.2.jar:3.4.2]
	at org.springframework.boot.env.YamlPropertySourceLoader.load(YamlPropertySourceLoader.java:50) ~[spring-boot-3.4.2.jar:3.4.2]
	at org.springframework.boot.context.config.StandardConfigDataLoader.load(StandardConfigDataLoader.java:54) ~[spring-boot-3.4.2.jar:3.4.2]
	at org.springframework.boot.context.config.StandardConfigDataLoader.load(StandardConfigDataLoader.java:36) ~[spring-boot-3.4.2.jar:3.4.2]
	at org.springframework.boot.context.config.ConfigDataLoaders.load(ConfigDataLoaders.java:96) ~[spring-boot-3.4.2.jar:3.4.2]
	at org.springframework.boot.context.config.ConfigDataImporter.load(ConfigDataImporter.java:132) ~[spring-boot-3.4.2.jar:3.4.2]
	at org.springframework.boot.context.config.ConfigDataImporter.resolveAndLoad(ConfigDataImporter.java:87) ~[spring-boot-3.4.2.jar:3.4.2]
	at org.springframework.boot.context.config.ConfigDataEnvironmentContributors.withProcessedImports(ConfigDataEnvironmentContributors.java:121) ~[spring-boot-3.4.2.jar:3.4.2]
	at org.springframework.boot.context.config.ConfigDataEnvironment.processInitial(ConfigDataEnvironment.java:245) ~[spring-boot-3.4.2.jar:3.4.2]
	at org.springframework.boot.context.config.ConfigDataEnvironment.processAndApply(ConfigDataEnvironment.java:232) ~[spring-boot-3.4.2.jar:3.4.2]
	at org.springframework.boot.context.config.ConfigDataEnvironmentPostProcessor.postProcessEnvironment(ConfigDataEnvironmentPostProcessor.java:96) ~[spring-boot-3.4.2.jar:3.4.2]
	at org.springframework.boot.context.config.ConfigDataEnvironmentPostProcessor.postProcessEnvironment(ConfigDataEnvironmentPostProcessor.java:89) ~[spring-boot-3.4.2.jar:3.4.2]
	at org.springframework.boot.env.EnvironmentPostProcessorApplicationListener.onApplicationEnvironmentPreparedEvent(EnvironmentPostProcessorApplicationListener.java:132) ~[spring-boot-3.4.2.jar:3.4.2]
	at org.springframework.boot.env.EnvironmentPostProcessorApplicationListener.onApplicationEvent(EnvironmentPostProcessorApplicationListener.java:115) ~[spring-boot-3.4.2.jar:3.4.2]
	at org.springframework.context.event.SimpleApplicationEventMulticaster.doInvokeListener(SimpleApplicationEventMulticaster.java:185) ~[spring-context-6.2.2.jar:6.2.2]
	at org.springframework.context.event.SimpleApplicationEventMulticaster.invokeListener(SimpleApplicationEventMulticaster.java:178) ~[spring-context-6.2.2.jar:6.2.2]
	at org.springframework.context.event.SimpleApplicationEventMulticaster.multicastEvent(SimpleApplicationEventMulticaster.java:156) ~[spring-context-6.2.2.jar:6.2.2]
	at org.springframework.context.event.SimpleApplicationEventMulticaster.multicastEvent(SimpleApplicationEventMulticaster.java:138) ~[spring-context-6.2.2.jar:6.2.2]
	at org.springframework.boot.context.event.EventPublishingRunListener.multicastInitialEvent(EventPublishingRunListener.java:136) ~[spring-boot-3.4.2.jar:3.4.2]
	at org.springframework.boot.context.event.EventPublishingRunListener.environmentPrepared(EventPublishingRunListener.java:81) ~[spring-boot-3.4.2.jar:3.4.2]
	at org.springframework.boot.SpringApplicationRunListeners.lambda$environmentPrepared$2(SpringApplicationRunListeners.java:64) ~[spring-boot-3.4.2.jar:3.4.2]
	at java.base/java.lang.Iterable.forEach(Iterable.java:75) ~[na:na]
	at org.springframework.boot.SpringApplicationRunListeners.doWithListeners(SpringApplicationRunListeners.java:118) ~[spring-boot-3.4.2.jar:3.4.2]
	at org.springframework.boot.SpringApplicationRunListeners.doWithListeners(SpringApplicationRunListeners.java:112) ~[spring-boot-3.4.2.jar:3.4.2]
	at org.springframework.boot.SpringApplicationRunListeners.environmentPrepared(SpringApplicationRunListeners.java:63) ~[spring-boot-3.4.2.jar:3.4.2]
	at org.springframework.boot.SpringApplication.prepareEnvironment(SpringApplication.java:353) ~[spring-boot-3.4.2.jar:3.4.2]
	at org.springframework.boot.SpringApplication.run(SpringApplication.java:313) ~[spring-boot-3.4.2.jar:3.4.2]
	at org.springframework.boot.SpringApplication.run(SpringApplication.java:1361) ~[spring-boot-3.4.2.jar:3.4.2]
	at org.springframework.boot.SpringApplication.run(SpringApplication.java:1350) ~[spring-boot-3.4.2.jar:3.4.2]
	at com.be.BeApplication.main(BeApplication.java:13) ~[main/:na]
	at java.base/jdk.internal.reflect.NativeMethodAccessorImpl.invoke0(Native Method) ~[na:na]
	at java.base/jdk.internal.reflect.NativeMethodAccessorImpl.invoke(NativeMethodAccessorImpl.java:77) ~[na:na]
	at java.base/jdk.internal.reflect.DelegatingMethodAccessorImpl.invoke(DelegatingMethodAccessorImpl.java:43) ~[na:na]
	at java.base/java.lang.reflect.Method.invoke(Method.java:568) ~[na:na]
	at org.springframework.boot.devtools.restart.RestartLauncher.run(RestartLauncher.java:50) ~[spring-boot-devtools-3.4.2.jar:3.4.2]

